#
# A fatal error has been detected by the Java Runtime Environment:
#
#  EXCEPTION_ACCESS_VIOLATION (0xc0000005) at pc=0x00007fffaef23252, pid=17372, tid=6996
#
# JRE version: OpenJDK Runtime Environment (11.0.2+9) (build 11.0.2+9)
# Java VM: OpenJDK 64-Bit Server VM (11.0.2+9, mixed mode, tiered, compressed oops, g1 gc, windows-amd64)
# Problematic frame:
# C  [librdi_simdata.dll+0x83252]
#
# No core dump will be written. Minidumps are not enabled by default on client versions of Windows
#
# If you would like to submit a bug report, please visit:
#   http://bugreport.java.com/bugreport/crash.jsp
# The crash happened outside the Java Virtual Machine in native code.
# See problematic frame for where to report the bug.
#

---------------  S U M M A R Y ------------

Command Line: -Dsun.java2d.pmoffscreen=false -Dhttps.protocols=TLSv1,TLSv1.1,TLSv1.2 -Dsun.java2d.xrender=false -Dsun.java2d.d3d=false -Dsun.awt.nopixfmt=true -Dsun.java2d.dpiaware=true -Dsun.java2d.uiScale.enabled=false -Xverify:none -Dswing.aatext=true -XX:-UsePerfData -Djdk.map.althashing.threshold=512 -XX:StringTableSize=4072 --add-opens=java.base/java.nio=ALL-UNNAMED --add-opens=java.desktop/sun.swing=ALL-UNNAMED --add-opens=java.desktop/javax.swing=ALL-UNNAMED --add-opens=java.desktop/javax.swing.tree=ALL-UNNAMED --add-opens=java.desktop/javax.swing.plaf.basic=ALL-UNNAMED --add-opens=java.desktop/javax.swing.plaf.synth=ALL-UNNAMED --add-opens=java.desktop/com.sun.awt=ALL-UNNAMED -XX:NewSize=60m -XX:MaxNewSize=60m -Xms256m -Xmx3072m -Xss5m 

Host: AMD Ryzen 5 4600H with Radeon Graphics         , 12 cores, 15G,  Windows 10 , 64 bit Build 19041 (10.0.19041.1706)
Time: Mon May 16 15:19:34 2022 Paris, Madrid (heure d’été) elapsed time: 8739 seconds (0d 2h 25m 39s)

---------------  T H R E A D  ---------------

Current thread (0x000001e6957cd800):  JavaThread "AWT-EventQueue-0" [_thread_in_native, id=6996, stack(0x000000d2d1800000,0x000000d2d1d00000)]

Stack: [0x000000d2d1800000,0x000000d2d1d00000],  sp=0x000000d2d1cfc250,  free space=5104k
Native frames: (J=compiled Java code, j=interpreted, Vv=VM code, C=native code)
C  [librdi_simdata.dll+0x83252]
C  [librdi_simdata.dll+0x7b712]
C  0x00007fffaacffa40
C  0x00007fffaacfeb7a
C  0x00007fffaacfebfc
C  0x00007fffaacfe9ae
C  0x00007fffaacff76a
C  [librdi_simdata.dll+0x4a6f8]
C  [librdi_simdata.dll+0x9f7c5]
C  0x000001e68000f0b7

Java frames: (J=compiled Java code, j=interpreted, Vv=VM code)
j  ui.views.simulator.executive.simulationi.SimulationExecutive_getTreeWindowData(JILjava/lang/String;)Ljava/lang/String;+0
j  ui.views.N.c.a.a(Lui/views/N/j/f;Z)Lui/views/waveform/executive/protobuf/WVTree$WVTreeMessage;+16
J 25050 c1 ui.views.N.i.e.aIy()V (107 bytes) @ 0x000001e6826ad00c [0x000001e6826ac860+0x00000000000007ac]
J 25049 c1 ui.views.N.i.o.kra()V (19 bytes) @ 0x000001e6824b270c [0x000001e6824b2600+0x000000000000010c]
j  ui.views.N.h.e.handleTclEvent(Lui/frmwork/a/l;)V+124
J 23587 c2 ui.frmwork.a.o.c(Lui/frmwork/a/l;)V (61 bytes) @ 0x000001e68903ac8c [0x000001e68903aac0+0x00000000000001cc]
J 22332 c2 ui.frmwork.E.i(JZ)V (471 bytes) @ 0x000001e688ea0148 [0x000001e688e9e7e0+0x0000000000001968]
J 28515 c2 ui.frmwork.E.fireTclEvent(J)I (113 bytes) @ 0x000001e68976d348 [0x000001e68976cb00+0x0000000000000848]
v  ~StubRoutines::call_stub
j  ui.views.simulator.executive.simulationi.SimulationExecutive_setTreeWindowTreeHeight(JII)V+0
j  ui.views.N.c.a.b(Lui/views/N/j/f;I)V+17
j  ui.views.N.i.e.ksp()V+69
j  ui.views.N.i.g.ksy()V+14
j  ui.views.N.i.g$$Lambda$270.run()V+4
J 15222 c2 java.awt.event.InvocationEvent.dispatch()V java.desktop@11.0.2 (69 bytes) @ 0x000001e6887b5b1c [0x000001e6887b5ac0+0x000000000000005c]
J 15126 c2 java.awt.EventQueue$4.run()Ljava/lang/Object; java.desktop@11.0.2 (5 bytes) @ 0x000001e68879e89c [0x000001e68879e7e0+0x00000000000000bc]
v  ~StubRoutines::call_stub
J 3508  java.security.AccessController.doPrivileged(Ljava/security/PrivilegedAction;Ljava/security/AccessControlContext;)Ljava/lang/Object; java.base@11.0.2 (0 bytes) @ 0x000001e687cb0cb6 [0x000001e687cb0c40+0x0000000000000076]
J 15119 c2 java.awt.EventQueue.dispatchEvent(Ljava/awt/AWTEvent;)V java.desktop@11.0.2 (80 bytes) @ 0x000001e6887953cc [0x000001e688794e40+0x000000000000058c]
J 21458 c2 java.awt.EventDispatchThread.pumpOneEventForFilters(I)V java.desktop@11.0.2 (113 bytes) @ 0x000001e688838968 [0x000001e688838740+0x0000000000000228]
J 22580% c2 java.awt.EventDispatchThread.pumpEventsForFilter(ILjava/awt/Conditional;Ljava/awt/EventFilter;)V java.desktop@11.0.2 (47 bytes) @ 0x000001e6880af67c [0x000001e6880af560+0x000000000000011c]
j  java.awt.EventDispatchThread.pumpEventsForHierarchy(ILjava/awt/Conditional;Ljava/awt/Component;)V+11 java.desktop@11.0.2
j  java.awt.EventDispatchThread.pumpEvents(ILjava/awt/Conditional;)V+4 java.desktop@11.0.2
j  java.awt.EventDispatchThread.pumpEvents(Ljava/awt/Conditional;)V+3 java.desktop@11.0.2
j  java.awt.EventDispatchThread.run()V+9 java.desktop@11.0.2
v  ~StubRoutines::call_stub

siginfo: EXCEPTION_ACCESS_VIOLATION (0xc0000005), reading address 0x0000000000000008


Register to memory mapping:

RIP=0x00007fffaef23252 librdi_simdata.dll
RAX=0x0 is NULL
RBX=0x000001e697ce6ca0 points into unknown readable memory: 40 db 05 af ff 7f 00 00
RCX=0x000001e697ce6cc0 points into unknown readable memory: 00 00 00 00 00 00 00 00
RDX=0x0 is NULL
RSP=0x000000d2d1cfc250 is pointing into the stack for thread: 0x000001e6957cd800
RBP=0x000000d2d1cfc368 is pointing into the stack for thread: 0x000001e6957cd800
RSI=0x000000d2d1cfc638 is pointing into the stack for thread: 0x000001e6957cd800
RDI=0x0 is NULL
R8 =0x000000000000082d is an unknown value
R9 =0x000000000000003a is an unknown value
R10=0x0000000000000800 is an unknown value
R11=0x403c689bf9c035bc is an unknown value
R12=0x000000d2d1cfc500 is pointing into the stack for thread: 0x000001e6957cd800
R13=0x000000d2d1cfc638 is pointing into the stack for thread: 0x000001e6957cd800
R14=0x000001e697ce6da0 points into unknown readable memory: 40 db 05 af ff 7f 00 00
R15=0x0000000000000001 is an unknown value


Registers:
RAX=0x0000000000000000, RBX=0x000001e697ce6ca0, RCX=0x000001e697ce6cc0, RDX=0x0000000000000000
RSP=0x000000d2d1cfc250, RBP=0x000000d2d1cfc368, RSI=0x000000d2d1cfc638, RDI=0x0000000000000000
R8 =0x000000000000082d, R9 =0x000000000000003a, R10=0x0000000000000800, R11=0x403c689bf9c035bc
R12=0x000000d2d1cfc500, R13=0x000000d2d1cfc638, R14=0x000001e697ce6da0, R15=0x0000000000000001
RIP=0x00007fffaef23252, EFLAGS=0x0000000000010206

Top of Stack: (sp=0x000000d2d1cfc250)
0x000000d2d1cfc250:   0000000000000000 00007fffaeff4c07
0x000000d2d1cfc260:   0000000000000038 000001e697ce6da0
0x000000d2d1cfc270:   fffffffffffffffe 000000d2d1cfc638
0x000000d2d1cfc280:   0000000000000000 00007fffaef1b712
0x000000d2d1cfc290:   000001e697ce6ca0 0000000000000000
0x000000d2d1cfc2a0:   000000d2d1cfc638 0000000000000008
0x000000d2d1cfc2b0:   000001e600000000 00007ff84e0b0000
0x000000d2d1cfc2c0:   fffffffffffffffe 00007fffaeff4c07
0x000000d2d1cfc2d0:   000001e6b43125f0 00007fffaacffa40
0x000000d2d1cfc2e0:   00000000000001c5 000001e697ce6ca0
0x000000d2d1cfc2f0:   0000000000000008 00007fffaef21b57
0x000000d2d1cfc300:   000000d2d1cfc4d0 00007fffaacfeb7a
0x000000d2d1cfc310:   0000000000000001 0000000000000000
0x000000d2d1cfc320:   0000000000000001 000001e6a7140568
0x000000d2d1cfc330:   000001e6b4324fb0 00007fffaef23289
0x000000d2d1cfc340:   000001e697ce6da0 0000000000000001 

Instructions: (pc=0x00007fffaef23252)
0x00007fffaef23232:   48 89 41 08 48 89 41 10 48 89 41 18 48 83 c1 20
0x00007fffaef23242:   48 89 01 48 89 41 08 48 89 41 10 48 3b da 74 38
0x00007fffaef23252:   48 8b 42 08 48 89 43 08 8b 42 10 89 43 10 8b 42
0x00007fffaef23262:   14 89 43 14 48 8b 42 18 48 89 43 18 48 83 c2 20 


Stack slot to memory mapping:
stack at sp + 0 slots: 0x0 is NULL
stack at sp + 1 slots: 0x00007fffaeff4c07 librdi_simdata.dll
stack at sp + 2 slots: 0x0000000000000038 is an unknown value
stack at sp + 3 slots: 0x000001e697ce6da0 points into unknown readable memory: 40 db 05 af ff 7f 00 00
stack at sp + 4 slots: 0xfffffffffffffffe is an unknown value
stack at sp + 5 slots: 0x000000d2d1cfc638 is pointing into the stack for thread: 0x000001e6957cd800
stack at sp + 6 slots: 0x0 is NULL
stack at sp + 7 slots: 0x00007fffaef1b712 librdi_simdata.dll


---------------  P R O C E S S  ---------------

Threads class SMR info:
_java_thread_list=0x000001e6b526b270, length=48, elements={
0x000001e6f1d4b800, 0x000001e6f0269800, 0x000001e6f026a000, 0x000001e6efabc800,
0x000001e6efabd000, 0x000001e6f12a7800, 0x000001e6f2145800, 0x000001e6f2146000,
0x000001e6eeb02000, 0x000001e6f1aa8800, 0x000001e6ef0ce800, 0x000001e6ef0cf000,
0x000001e6ef0d0000, 0x000001e694dc3800, 0x000001e6957cd800, 0x000001e696be6000,
0x000001e696542000, 0x000001e6974ae800, 0x000001e6973b6000, 0x000001e6973b3000,
0x000001e6973b7000, 0x000001e6973b8000, 0x000001e6973b3800, 0x000001e6973b5800,
0x000001e69b8d2800, 0x000001e69b8d6000, 0x000001e69b8d6800, 0x000001e69b8d3800,
0x000001e69b8d4000, 0x000001e69b8da000, 0x000001e69b8db800, 0x000001e69b8de000,
0x000001e69b8e0800, 0x000001e6a7159800, 0x000001e6a715b800, 0x000001e6a715c000,
0x000001e6a715d000, 0x000001e6a7158000, 0x000001e6a7164800, 0x000001e6a7165000,
0x000001e69b8df000, 0x000001e6a9b58800, 0x000001e6a9b56800, 0x000001e6a9b59800,
0x000001e6a9b5a800, 0x000001e6a9b5c000, 0x000001e6a9b57000, 0x000001e6a9b60000
}

Java Threads: ( => current thread )
  0x000001e6f1d4b800 JavaThread "main" [_thread_blocked, id=10380, stack(0x000000d2cca00000,0x000000d2ccb00000)]
  0x000001e6f0269800 JavaThread "Reference Handler" daemon [_thread_blocked, id=12848, stack(0x000000d2cd100000,0x000000d2cd600000)]
  0x000001e6f026a000 JavaThread "Finalizer" daemon [_thread_blocked, id=17096, stack(0x000000d2cd600000,0x000000d2cdb00000)]
  0x000001e6efabc800 JavaThread "Signal Dispatcher" daemon [_thread_blocked, id=5912, stack(0x000000d2cdb00000,0x000000d2ce000000)]
  0x000001e6efabd000 JavaThread "Attach Listener" daemon [_thread_blocked, id=16052, stack(0x000000d2ce000000,0x000000d2ce500000)]
  0x000001e6f12a7800 JavaThread "C2 CompilerThread0" daemon [_thread_blocked, id=5688, stack(0x000000d2ce500000,0x000000d2ce600000)]
  0x000001e6f2145800 JavaThread "C1 CompilerThread0" daemon [_thread_blocked, id=1436, stack(0x000000d2ce600000,0x000000d2ce700000)]
  0x000001e6f2146000 JavaThread "Sweeper thread" daemon [_thread_blocked, id=14456, stack(0x000000d2ce700000,0x000000d2cec00000)]
  0x000001e6eeb02000 JavaThread "Common-Cleaner" daemon [_thread_blocked, id=8936, stack(0x000000d2cec00000,0x000000d2cf100000)]
  0x000001e6f1aa8800 JavaThread "Service Thread" daemon [_thread_blocked, id=11280, stack(0x000000d2cf100000,0x000000d2cf600000)]
  0x000001e6ef0ce800 JavaThread "Java2D Disposer" daemon [_thread_blocked, id=7344, stack(0x000000d2cf700000,0x000000d2cfc00000)]
  0x000001e6ef0cf000 JavaThread "AWT-Shutdown" [_thread_blocked, id=12252, stack(0x000000d2cfc00000,0x000000d2d0100000)]
  0x000001e6ef0d0000 JavaThread "AWT-Windows" daemon [_thread_in_native, id=9080, stack(0x000000d2d0100000,0x000000d2d0600000)]
  0x000001e694dc3800 JavaThread "TimerQueue" daemon [_thread_blocked, id=12304, stack(0x000000d2d0e00000,0x000000d2d1300000)]
=>0x000001e6957cd800 JavaThread "AWT-EventQueue-0" [_thread_in_native, id=6996, stack(0x000000d2d1800000,0x000000d2d1d00000)]
  0x000001e696be6000 JavaThread "Thread-1" [_thread_in_native, id=2264, stack(0x000000d2cb400000,0x000000d2cc800000)]
  0x000001e696542000 JavaThread "Process Messages Thread" [_thread_blocked, id=13680, stack(0x000000d2d2200000,0x000000d2d2700000)]
  0x000001e6974ae800 JavaThread "Batik CleanerThread" daemon [_thread_blocked, id=13180, stack(0x000000d2d1d00000,0x000000d2d2200000)]
  0x000001e6973b6000 JavaThread "SyntheticaCleanerThread" daemon [_thread_blocked, id=16664, stack(0x000000d2d3200000,0x000000d2d3700000)]
  0x000001e6973b3000 JavaThread "Monitor HEventQueue Thread" [_thread_blocked, id=13612, stack(0x000000d2d3a00000,0x000000d2d3f00000)]
  0x000001e6973b7000 JavaThread "SyntheticaAnimation 50" daemon [_thread_blocked, id=14528, stack(0x000000d2d3f00000,0x000000d2d4400000)]
  0x000001e6973b8000 JavaThread "SyntheticaAnimation 25" daemon [_thread_blocked, id=16556, stack(0x000000d2d4400000,0x000000d2d4900000)]
  0x000001e6973b3800 JavaThread "Swing-Shell" daemon [_thread_blocked, id=11108, stack(0x000000d2d4900000,0x000000d2d4e00000)]
  0x000001e6973b5800 JavaThread "SyntheticaAnimation 70" daemon [_thread_blocked, id=2008, stack(0x000000d2d5800000,0x000000d2d5d00000)]
  0x000001e69b8d2800 JavaThread "Refresh Filesets Swing Worker Thread" [_thread_blocked, id=3216, stack(0x000000d2d4e00000,0x000000d2d5300000)]
  0x000001e69b8d6000 JavaThread "hw_ila_monitor" [_thread_blocked, id=5024, stack(0x000000d2d5d00000,0x000000d2d6200000)]
  0x000001e69b8d6800 JavaThread "pool-2-thread-1" [_thread_blocked, id=7028, stack(0x000000d2d6700000,0x000000d2d6c00000)]
  0x000001e69b8d3800 JavaThread "pool-3-thread-1" [_thread_blocked, id=15900, stack(0x000000d2d6c00000,0x000000d2d7100000)]
  0x000001e69b8d4000 JavaThread "pool-4-thread-1" [_thread_blocked, id=18452, stack(0x000000d2d7100000,0x000000d2d7600000)]
  0x000001e69b8da000 JavaThread "Update Runs Swing Worker Thread" [_thread_blocked, id=7428, stack(0x000000d2d7600000,0x000000d2d7b00000)]
  0x000001e69b8db800 JavaThread "SyntheticaAnimation 50" daemon [_thread_blocked, id=4920, stack(0x000000d2d7b00000,0x000000d2d8000000)]
  0x000001e69b8de000 JavaThread "Image Animator 3" daemon [_thread_blocked, id=17496, stack(0x000000d2d2d00000,0x000000d2d3200000)]
  0x000001e69b8e0800 JavaThread "SwingWorker-pool-7-thread-1" daemon [_thread_blocked, id=4884, stack(0x000000d2d6200000,0x000000d2d6700000)]
  0x000001e6a7159800 JavaThread "SyntheticaAnimation 50" daemon [_thread_blocked, id=1872, stack(0x000000d2d5300000,0x000000d2d5800000)]
  0x000001e6a715b800 JavaThread "Timer-3" [_thread_blocked, id=7920, stack(0x000000d2d8000000,0x000000d2d8500000)]
  0x000001e6a715c000 JavaThread "Monitor File Timestamp Swing Worker Thread" [_thread_blocked, id=8236, stack(0x000000d2d8f00000,0x000000d2d9400000)]
  0x000001e6a715d000 JavaThread "Timer-5" [_thread_blocked, id=14588, stack(0x000000d2d1300000,0x000000d2d1800000)]
  0x000001e6a7158000 JavaThread "Monitor File Timestamp Swing Worker Thread" [_thread_blocked, id=9432, stack(0x000000d2d9900000,0x000000d2d9e00000)]
  0x000001e6a7164800 JavaThread "Timer-9" [_thread_blocked, id=3672, stack(0x000000d2d8500000,0x000000d2d8a00000)]
  0x000001e6a7165000 JavaThread "Monitor File Timestamp Swing Worker Thread" [_thread_blocked, id=3940, stack(0x000000d2d9e00000,0x000000d2da300000)]
  0x000001e69b8df000 JavaThread "pool-17-thread-1" [_thread_blocked, id=2968, stack(0x000000d2dbc00000,0x000000d2dc100000)]
  0x000001e6a9b58800 JavaThread "Timer-11" [_thread_blocked, id=7076, stack(0x000000d2d8a00000,0x000000d2d8f00000)]
  0x000001e6a9b56800 JavaThread "Monitor File Timestamp Swing Worker Thread" [_thread_blocked, id=2728, stack(0x000000d2d9400000,0x000000d2d9900000)]
  0x000001e6a9b59800 JavaThread "Timer-13" [_thread_blocked, id=8144, stack(0x000000d2da800000,0x000000d2dad00000)]
  0x000001e6a9b5a800 JavaThread "Monitor File Timestamp Swing Worker Thread" [_thread_blocked, id=15684, stack(0x000000d2dad00000,0x000000d2db200000)]
  0x000001e6a9b5c000 JavaThread "Image Fetcher 3" daemon [_thread_blocked, id=4716, stack(0x000000d2db200000,0x000000d2db700000)]
  0x000001e6a9b57000 JavaThread "Relaunch Simulation Thread" [_thread_blocked, id=5228, stack(0x000000d2db700000,0x000000d2dbc00000)]
  0x000001e6a9b60000 JavaThread "Image Fetcher 0" daemon [_thread_blocked, id=18568, stack(0x000000d2dc100000,0x000000d2dc600000)]

Other Threads:
  0x000001e6ee12a800 VMThread "VM Thread" [stack: 0x000000d2cd000000,0x000000d2cd100000] [id=14340]
  0x000001e6f1aa9000 WatcherThread [stack: 0x000000d2cf600000,0x000000d2cf700000] [id=18428]
  0x000001e6f1ee4800 GCTaskThread "GC Thread#0" [stack: 0x000000d2ccb00000,0x000000d2ccc00000] [id=18692]
  0x000001e696544000 GCTaskThread "GC Thread#1" [stack: 0x000000d2d0800000,0x000000d2d0900000] [id=9092]
  0x000001e69624f800 GCTaskThread "GC Thread#2" [stack: 0x000000d2d0900000,0x000000d2d0a00000] [id=9016]
  0x000001e694eb7800 GCTaskThread "GC Thread#3" [stack: 0x000000d2d0a00000,0x000000d2d0b00000] [id=12808]
  0x000001e6950cd800 GCTaskThread "GC Thread#4" [stack: 0x000000d2d0b00000,0x000000d2d0c00000] [id=6568]
  0x000001e6950ce000 GCTaskThread "GC Thread#5" [stack: 0x000000d2d0c00000,0x000000d2d0d00000] [id=16468]
  0x000001e696be5800 GCTaskThread "GC Thread#6" [stack: 0x000000d2d2700000,0x000000d2d2800000] [id=1220]
  0x000001e6957a9000 GCTaskThread "GC Thread#7" [stack: 0x000000d2d2800000,0x000000d2d2900000] [id=3784]
  0x000001e6eec78800 GCTaskThread "GC Thread#8" [stack: 0x000000d2d2900000,0x000000d2d2a00000] [id=10716]
  0x000001e6964d7800 GCTaskThread "GC Thread#9" [stack: 0x000000d2d2a00000,0x000000d2d2b00000] [id=15896]
  0x000001e6f228f800 ConcurrentGCThread "G1 Main Marker" [stack: 0x000000d2ccc00000,0x000000d2ccd00000] [id=8024]
  0x000001e6f1625000 ConcurrentGCThread "G1 Conc#0" [stack: 0x000000d2ccd00000,0x000000d2cce00000] [id=11460]
  0x000001e6973c3800 ConcurrentGCThread "G1 Conc#1" [stack: 0x000000d2d2b00000,0x000000d2d2c00000] [id=17376]
  0x000001e6973c4800 ConcurrentGCThread "G1 Conc#2" [stack: 0x000000d2d2c00000,0x000000d2d2d00000] [id=11820]
  0x000001e6f2f4e000 ConcurrentGCThread "G1 Refine#0" [stack: 0x000000d2cce00000,0x000000d2ccf00000] [id=7884]
  0x000001e694de8000 ConcurrentGCThread "G1 Refine#1" [stack: 0x000000d2d0d00000,0x000000d2d0e00000] [id=6808]
  0x000001e694c11800 ConcurrentGCThread "G1 Refine#2" [stack: 0x000000d2cb200000,0x000000d2cb300000] [id=11476]
  0x000001e6a59de800 ConcurrentGCThread "G1 Refine#3" [stack: 0x000000d2d0700000,0x000000d2d0800000] [id=3144]
  0x000001e6ed3b9800 ConcurrentGCThread "G1 Young RemSet Sampling" [stack: 0x000000d2ccf00000,0x000000d2cd000000] [id=8356]

Threads with active compile tasks:

VM state:not at safepoint (normal execution)

VM Mutex/Monitor currently owned by a thread: None

Heap address: 0x0000000740000000, size: 3072 MB, Compressed Oops mode: Zero based, Oop shift amount: 3
Narrow klass base: 0x0000000800000000, Narrow klass shift: 0
Compressed class space size: 1073741824 Address: 0x0000000800000000

Heap:
 garbage-first heap   total 307200K, used 137390K [0x0000000740000000, 0x0000000800000000)
  region size 1024K, 8 young (8192K), 2 survivors (2048K)
 Metaspace       used 104762K, capacity 106719K, committed 109312K, reserved 1142784K
  class space    used 14086K, capacity 14897K, committed 15872K, reserved 1048576K
Heap Regions: E=young(eden), S=young(survivor), O=old, HS=humongous(starts), HC=humongous(continues), CS=collection set, F=free, A=archive, TAMS=top-at-mark-start (previous, next)
|   0|0x0000000740000000, 0x0000000740100000, 0x0000000740100000|100%|HS|  |TAMS 0x0000000740000000, 0x0000000740000000| Untracked 
|   1|0x0000000740100000, 0x0000000740200000, 0x0000000740200000|100%|HC|  |TAMS 0x0000000740100000, 0x0000000740100000| Untracked 
|   2|0x0000000740200000, 0x0000000740300000, 0x0000000740300000|100%|HS|  |TAMS 0x0000000740200000, 0x0000000740200000| Untracked 
|   3|0x0000000740300000, 0x00000007403ffff0, 0x0000000740400000| 99%| O|  |TAMS 0x0000000740300000, 0x0000000740300000| Untracked 
|   4|0x0000000740400000, 0x00000007404ffff0, 0x0000000740500000| 99%| O|  |TAMS 0x0000000740400000, 0x0000000740400000| Untracked 
|   5|0x0000000740500000, 0x00000007405ffff8, 0x0000000740600000| 99%| O|  |TAMS 0x0000000740500000, 0x0000000740500000| Untracked 
|   6|0x0000000740600000, 0x00000007406ffff0, 0x0000000740700000| 99%| O|  |TAMS 0x0000000740600000, 0x0000000740600000| Untracked 
|   7|0x0000000740700000, 0x00000007407ffff8, 0x0000000740800000| 99%| O|  |TAMS 0x0000000740700000, 0x0000000740700000| Untracked 
|   8|0x0000000740800000, 0x00000007408ff1d8, 0x0000000740900000| 99%| O|  |TAMS 0x0000000740800000, 0x0000000740800000| Untracked 
|   9|0x0000000740900000, 0x00000007409ffc70, 0x0000000740a00000| 99%| O|  |TAMS 0x0000000740900000, 0x0000000740900000| Untracked 
|  10|0x0000000740a00000, 0x0000000740b00000, 0x0000000740b00000|100%| O|  |TAMS 0x0000000740a00000, 0x0000000740a00000| Untracked 
|  11|0x0000000740b00000, 0x0000000740c00000, 0x0000000740c00000|100%| O|  |TAMS 0x0000000740b00000, 0x0000000740b00000| Untracked 
|  12|0x0000000740c00000, 0x0000000740cffff0, 0x0000000740d00000| 99%| O|  |TAMS 0x0000000740c00000, 0x0000000740c00000| Untracked 
|  13|0x0000000740d00000, 0x0000000740e00000, 0x0000000740e00000|100%| O|  |TAMS 0x0000000740d00000, 0x0000000740d00000| Untracked 
|  14|0x0000000740e00000, 0x0000000740f00000, 0x0000000740f00000|100%| O|  |TAMS 0x0000000740e00000, 0x0000000740e00000| Untracked 
|  15|0x0000000740f00000, 0x0000000740fffff0, 0x0000000741000000| 99%| O|  |TAMS 0x0000000740f00000, 0x0000000740f00000| Untracked 
|  16|0x0000000741000000, 0x0000000741100000, 0x0000000741100000|100%| O|  |TAMS 0x0000000741000000, 0x0000000741000000| Untracked 
|  17|0x0000000741100000, 0x0000000741200000, 0x0000000741200000|100%| O|  |TAMS 0x0000000741100000, 0x0000000741100000| Untracked 
|  18|0x0000000741200000, 0x00000007412ffff0, 0x0000000741300000| 99%| O|  |TAMS 0x0000000741200000, 0x0000000741200000| Untracked 
|  19|0x0000000741300000, 0x00000007413ffff8, 0x0000000741400000| 99%| O|  |TAMS 0x0000000741300000, 0x0000000741300000| Untracked 
|  20|0x0000000741400000, 0x00000007414ffff8, 0x0000000741500000| 99%| O|  |TAMS 0x0000000741400000, 0x0000000741400000| Untracked 
|  21|0x0000000741500000, 0x00000007415ffff8, 0x0000000741600000| 99%| O|  |TAMS 0x0000000741500000, 0x0000000741500000| Untracked 
|  22|0x0000000741600000, 0x0000000741700000, 0x0000000741700000|100%| O|  |TAMS 0x0000000741600000, 0x0000000741600000| Untracked 
|  23|0x0000000741700000, 0x00000007417fffe8, 0x0000000741800000| 99%| O|  |TAMS 0x0000000741700000, 0x0000000741700000| Untracked 
|  24|0x0000000741800000, 0x0000000741900000, 0x0000000741900000|100%| O|  |TAMS 0x0000000741800000, 0x0000000741800000| Untracked 
|  25|0x0000000741900000, 0x00000007419ffff8, 0x0000000741a00000| 99%| O|  |TAMS 0x0000000741900000, 0x0000000741900000| Untracked 
|  26|0x0000000741a00000, 0x0000000741affff8, 0x0000000741b00000| 99%| O|  |TAMS 0x0000000741a00000, 0x0000000741a00000| Untracked 
|  27|0x0000000741b00000, 0x0000000741c00000, 0x0000000741c00000|100%|HS|  |TAMS 0x0000000741b00000, 0x0000000741b00000| Untracked 
|  28|0x0000000741c00000, 0x0000000741d00000, 0x0000000741d00000|100%| O|  |TAMS 0x0000000741c00000, 0x0000000741c00000| Untracked 
|  29|0x0000000741d00000, 0x0000000741dffff8, 0x0000000741e00000| 99%| O|  |TAMS 0x0000000741d00000, 0x0000000741d00000| Untracked 
|  30|0x0000000741e00000, 0x0000000741effff0, 0x0000000741f00000| 99%| O|  |TAMS 0x0000000741e00000, 0x0000000741e00000| Untracked 
|  31|0x0000000741f00000, 0x0000000742000000, 0x0000000742000000|100%| O|  |TAMS 0x0000000741f00000, 0x0000000741f00000| Untracked 
|  32|0x0000000742000000, 0x00000007420ffff0, 0x0000000742100000| 99%| O|  |TAMS 0x0000000742000000, 0x0000000742000000| Untracked 
|  33|0x0000000742100000, 0x00000007421ffff8, 0x0000000742200000| 99%| O|  |TAMS 0x0000000742100000, 0x0000000742100000| Untracked 
|  34|0x0000000742200000, 0x00000007422ffff8, 0x0000000742300000| 99%| O|  |TAMS 0x0000000742200000, 0x0000000742200000| Untracked 
|  35|0x0000000742300000, 0x0000000742400000, 0x0000000742400000|100%| O|  |TAMS 0x0000000742300000, 0x0000000742300000| Untracked 
|  36|0x0000000742400000, 0x0000000742500000, 0x0000000742500000|100%| O|  |TAMS 0x0000000742400000, 0x0000000742400000| Untracked 
|  37|0x0000000742500000, 0x0000000742600000, 0x0000000742600000|100%| O|  |TAMS 0x0000000742500000, 0x0000000742500000| Untracked 
|  38|0x0000000742600000, 0x0000000742700000, 0x0000000742700000|100%| O|  |TAMS 0x0000000742600000, 0x0000000742600000| Untracked 
|  39|0x0000000742700000, 0x00000007427ffff8, 0x0000000742800000| 99%| O|  |TAMS 0x0000000742700000, 0x0000000742700000| Untracked 
|  40|0x0000000742800000, 0x0000000742900000, 0x0000000742900000|100%| O|  |TAMS 0x0000000742800000, 0x0000000742800000| Untracked 
|  41|0x0000000742900000, 0x0000000742a00000, 0x0000000742a00000|100%| O|  |TAMS 0x0000000742900000, 0x0000000742900000| Untracked 
|  42|0x0000000742a00000, 0x0000000742afffe8, 0x0000000742b00000| 99%| O|  |TAMS 0x0000000742a00000, 0x0000000742a00000| Untracked 
|  43|0x0000000742b00000, 0x0000000742c00000, 0x0000000742c00000|100%| O|  |TAMS 0x0000000742b00000, 0x0000000742b00000| Untracked 
|  44|0x0000000742c00000, 0x0000000742d00000, 0x0000000742d00000|100%| O|  |TAMS 0x0000000742c00000, 0x0000000742c00000| Untracked 
|  45|0x0000000742d00000, 0x0000000742e00000, 0x0000000742e00000|100%| O|  |TAMS 0x0000000742d00000, 0x0000000742d00000| Untracked 
|  46|0x0000000742e00000, 0x0000000742f00000, 0x0000000742f00000|100%| O|  |TAMS 0x0000000742e00000, 0x0000000742e00000| Untracked 
|  47|0x0000000742f00000, 0x0000000742fffff8, 0x0000000743000000| 99%| O|  |TAMS 0x0000000742f00000, 0x0000000742f00000| Untracked 
|  48|0x0000000743000000, 0x0000000743100000, 0x0000000743100000|100%| O|  |TAMS 0x0000000743000000, 0x0000000743000000| Untracked 
|  49|0x0000000743100000, 0x0000000743200000, 0x0000000743200000|100%| O|  |TAMS 0x0000000743100000, 0x0000000743100000| Untracked 
|  50|0x0000000743200000, 0x00000007432ffff8, 0x0000000743300000| 99%| O|  |TAMS 0x0000000743200000, 0x0000000743200000| Untracked 
|  51|0x0000000743300000, 0x00000007433ffff0, 0x0000000743400000| 99%| O|  |TAMS 0x0000000743300000, 0x0000000743300000| Untracked 
|  52|0x0000000743400000, 0x00000007434ffff0, 0x0000000743500000| 99%| O|  |TAMS 0x0000000743400000, 0x0000000743400000| Untracked 
|  53|0x0000000743500000, 0x00000007435ffff0, 0x0000000743600000| 99%| O|  |TAMS 0x0000000743500000, 0x0000000743500000| Untracked 
|  54|0x0000000743600000, 0x0000000743700000, 0x0000000743700000|100%| O|  |TAMS 0x0000000743600000, 0x0000000743600000| Untracked 
|  55|0x0000000743700000, 0x0000000743800000, 0x0000000743800000|100%| O|  |TAMS 0x0000000743700000, 0x0000000743700000| Untracked 
|  56|0x0000000743800000, 0x00000007438ffff8, 0x0000000743900000| 99%| O|  |TAMS 0x0000000743800000, 0x0000000743800000| Untracked 
|  57|0x0000000743900000, 0x00000007439ffff8, 0x0000000743a00000| 99%| O|  |TAMS 0x0000000743900000, 0x0000000743900000| Untracked 
|  58|0x0000000743a00000, 0x0000000743affff0, 0x0000000743b00000| 99%| O|  |TAMS 0x0000000743a00000, 0x0000000743a00000| Untracked 
|  59|0x0000000743b00000, 0x0000000743c00000, 0x0000000743c00000|100%| O|  |TAMS 0x0000000743b00000, 0x0000000743b00000| Untracked 
|  60|0x0000000743c00000, 0x0000000743cfffe8, 0x0000000743d00000| 99%| O|  |TAMS 0x0000000743c00000, 0x0000000743c00000| Untracked 
|  61|0x0000000743d00000, 0x0000000743dffff0, 0x0000000743e00000| 99%| O|  |TAMS 0x0000000743d00000, 0x0000000743d00000| Untracked 
|  62|0x0000000743e00000, 0x0000000743f00000, 0x0000000743f00000|100%| O|  |TAMS 0x0000000743e00000, 0x0000000743e00000| Untracked 
|  63|0x0000000743f00000, 0x0000000743fffff8, 0x0000000744000000| 99%| O|  |TAMS 0x0000000743f00000, 0x0000000743f00000| Untracked 
|  64|0x0000000744000000, 0x0000000744100000, 0x0000000744100000|100%| O|  |TAMS 0x0000000744000000, 0x0000000744000000| Untracked 
|  65|0x0000000744100000, 0x0000000744200000, 0x0000000744200000|100%| O|  |TAMS 0x0000000744100000, 0x0000000744100000| Untracked 
|  66|0x0000000744200000, 0x00000007442ffff8, 0x0000000744300000| 99%| O|  |TAMS 0x0000000744200000, 0x0000000744200000| Untracked 
|  67|0x0000000744300000, 0x00000007443ffff8, 0x0000000744400000| 99%| O|  |TAMS 0x0000000744300000, 0x0000000744300000| Untracked 
|  68|0x0000000744400000, 0x0000000744500000, 0x0000000744500000|100%| O|  |TAMS 0x0000000744400000, 0x0000000744400000| Untracked 
|  69|0x0000000744500000, 0x00000007445ffff8, 0x0000000744600000| 99%| O|  |TAMS 0x0000000744500000, 0x0000000744500000| Untracked 
|  70|0x0000000744600000, 0x00000007446ffff0, 0x0000000744700000| 99%| O|  |TAMS 0x0000000744600000, 0x0000000744600000| Untracked 
|  71|0x0000000744700000, 0x00000007447fffe8, 0x0000000744800000| 99%| O|  |TAMS 0x0000000744700000, 0x0000000744700000| Untracked 
|  72|0x0000000744800000, 0x00000007448ffff8, 0x0000000744900000| 99%| O|  |TAMS 0x0000000744800000, 0x0000000744800000| Untracked 
|  73|0x0000000744900000, 0x00000007449ffff8, 0x0000000744a00000| 99%| O|  |TAMS 0x0000000744900000, 0x0000000744900000| Untracked 
|  74|0x0000000744a00000, 0x0000000744afe8e8, 0x0000000744b00000| 99%| O|  |TAMS 0x0000000744a00000, 0x0000000744a00000| Untracked 
|  75|0x0000000744b00000, 0x0000000744bfff30, 0x0000000744c00000| 99%| O|  |TAMS 0x0000000744b00000, 0x0000000744b00000| Untracked 
|  76|0x0000000744c00000, 0x0000000744cffe90, 0x0000000744d00000| 99%| O|  |TAMS 0x0000000744c00000, 0x0000000744c00000| Untracked 
|  77|0x0000000744d00000, 0x0000000744e00000, 0x0000000744e00000|100%| O|  |TAMS 0x0000000744d00000, 0x0000000744d00000| Untracked 
|  78|0x0000000744e00000, 0x0000000744f00000, 0x0000000744f00000|100%| O|  |TAMS 0x0000000744e00000, 0x0000000744e00000| Untracked 
|  79|0x0000000744f00000, 0x0000000745000000, 0x0000000745000000|100%| O|  |TAMS 0x0000000744f00000, 0x0000000744f00000| Untracked 
|  80|0x0000000745000000, 0x0000000745100000, 0x0000000745100000|100%| O|  |TAMS 0x0000000745000000, 0x0000000745000000| Untracked 
|  81|0x0000000745100000, 0x0000000745200000, 0x0000000745200000|100%| O|  |TAMS 0x0000000745100000, 0x0000000745100000| Untracked 
|  82|0x0000000745200000, 0x00000007452ffff8, 0x0000000745300000| 99%| O|  |TAMS 0x0000000745200000, 0x0000000745200000| Untracked 
|  83|0x0000000745300000, 0x0000000745400000, 0x0000000745400000|100%| O|  |TAMS 0x0000000745300000, 0x0000000745300000| Untracked 
|  84|0x0000000745400000, 0x00000007454ffff0, 0x0000000745500000| 99%| O|  |TAMS 0x0000000745400000, 0x0000000745400000| Untracked 
|  85|0x0000000745500000, 0x0000000745600000, 0x0000000745600000|100%| O|  |TAMS 0x0000000745500000, 0x0000000745500000| Untracked 
|  86|0x0000000745600000, 0x00000007456fffe8, 0x0000000745700000| 99%| O|  |TAMS 0x0000000745600000, 0x0000000745600000| Untracked 
|  87|0x0000000745700000, 0x00000007457ffff0, 0x0000000745800000| 99%| O|  |TAMS 0x0000000745700000, 0x0000000745700000| Untracked 
|  88|0x0000000745800000, 0x00000007458ffff0, 0x0000000745900000| 99%| O|  |TAMS 0x0000000745800000, 0x0000000745800000| Untracked 
|  89|0x0000000745900000, 0x00000007459ffff0, 0x0000000745a00000| 99%| O|  |TAMS 0x0000000745900000, 0x0000000745900000| Untracked 
|  90|0x0000000745a00000, 0x0000000745affff0, 0x0000000745b00000| 99%| O|  |TAMS 0x0000000745a00000, 0x0000000745a00000| Untracked 
|  91|0x0000000745b00000, 0x0000000745bffd40, 0x0000000745c00000| 99%| O|  |TAMS 0x0000000745b00000, 0x0000000745b00000| Untracked 
|  92|0x0000000745c00000, 0x0000000745cffff8, 0x0000000745d00000| 99%| O|  |TAMS 0x0000000745c00000, 0x0000000745c00000| Untracked 
|  93|0x0000000745d00000, 0x0000000745dff9b0, 0x0000000745e00000| 99%| O|  |TAMS 0x0000000745d00000, 0x0000000745d00000| Untracked 
|  94|0x0000000745e00000, 0x0000000745f00000, 0x0000000745f00000|100%| O|  |TAMS 0x0000000745e00000, 0x0000000745e00000| Untracked 
|  95|0x0000000745f00000, 0x0000000745fffff0, 0x0000000746000000| 99%| O|  |TAMS 0x0000000745f00000, 0x0000000745f00000| Untracked 
|  96|0x0000000746000000, 0x00000007460ffff0, 0x0000000746100000| 99%| O|  |TAMS 0x0000000746000000, 0x0000000746000000| Untracked 
|  97|0x0000000746100000, 0x00000007461ffff0, 0x0000000746200000| 99%| O|  |TAMS 0x0000000746100000, 0x0000000746100000| Untracked 
|  98|0x0000000746200000, 0x00000007462fffb0, 0x0000000746300000| 99%| O|  |TAMS 0x0000000746200000, 0x0000000746200000| Untracked 
|  99|0x0000000746300000, 0x00000007463fffe8, 0x0000000746400000| 99%| O|  |TAMS 0x0000000746300000, 0x0000000746300000| Untracked 
| 100|0x0000000746400000, 0x0000000746500000, 0x0000000746500000|100%| O|  |TAMS 0x0000000746400000, 0x0000000746400000| Untracked 
| 101|0x0000000746500000, 0x00000007465fffe8, 0x0000000746600000| 99%| O|  |TAMS 0x0000000746500000, 0x0000000746500000| Untracked 
| 102|0x0000000746600000, 0x00000007466edc20, 0x0000000746700000| 92%| O|  |TAMS 0x0000000746600000, 0x0000000746600000| Untracked 
| 103|0x0000000746700000, 0x00000007467c62b8, 0x0000000746800000| 77%| O|  |TAMS 0x0000000746700000, 0x0000000746700000| Untracked 
| 104|0x0000000746800000, 0x000000074683e1b0, 0x0000000746900000| 24%| O|  |TAMS 0x0000000746800000, 0x0000000746800000| Untracked 
| 105|0x0000000746900000, 0x0000000746900000, 0x0000000746a00000|  0%| F|  |TAMS 0x0000000746900000, 0x0000000746900000| Untracked 
| 106|0x0000000746a00000, 0x0000000746a00000, 0x0000000746b00000|  0%| F|  |TAMS 0x0000000746a00000, 0x0000000746a00000| Untracked 
| 107|0x0000000746b00000, 0x0000000746b00000, 0x0000000746c00000|  0%| F|  |TAMS 0x0000000746b00000, 0x0000000746b00000| Untracked 
| 108|0x0000000746c00000, 0x0000000746d00000, 0x0000000746d00000|100%|HS|  |TAMS 0x0000000746c00000, 0x0000000746c00000| Untracked 
| 109|0x0000000746d00000, 0x0000000746e00000, 0x0000000746e00000|100%|HC|  |TAMS 0x0000000746d00000, 0x0000000746d00000| Untracked 
| 110|0x0000000746e00000, 0x0000000746f00000, 0x0000000746f00000|100%|HC|  |TAMS 0x0000000746e00000, 0x0000000746e00000| Untracked 
| 111|0x0000000746f00000, 0x0000000747000000, 0x0000000747000000|100%|HC|  |TAMS 0x0000000746f00000, 0x0000000746f00000| Untracked 
| 112|0x0000000747000000, 0x0000000747100000, 0x0000000747100000|100%|HC|  |TAMS 0x0000000747000000, 0x0000000747000000| Untracked 
| 113|0x0000000747100000, 0x0000000747200000, 0x0000000747200000|100%|HC|  |TAMS 0x0000000747100000, 0x0000000747100000| Untracked 
| 114|0x0000000747200000, 0x0000000747300000, 0x0000000747300000|100%|HC|  |TAMS 0x0000000747200000, 0x0000000747200000| Untracked 
| 115|0x0000000747300000, 0x0000000747400000, 0x0000000747400000|100%|HC|  |TAMS 0x0000000747300000, 0x0000000747300000| Untracked 
| 116|0x0000000747400000, 0x000000074741ee18, 0x0000000747500000| 12%| O|  |TAMS 0x0000000747400000, 0x0000000747400000| Untracked 
| 117|0x0000000747500000, 0x0000000747600000, 0x0000000747600000|100%|HS|  |TAMS 0x0000000747500000, 0x0000000747500000| Complete 
| 118|0x0000000747600000, 0x0000000747700000, 0x0000000747700000|100%|HC|  |TAMS 0x0000000747600000, 0x0000000747600000| Complete 
| 119|0x0000000747700000, 0x0000000747800000, 0x0000000747800000|100%|HC|  |TAMS 0x0000000747700000, 0x0000000747700000| Complete 
| 120|0x0000000747800000, 0x0000000747800000, 0x0000000747900000|  0%| F|  |TAMS 0x0000000747800000, 0x0000000747800000| Untracked 
| 121|0x0000000747900000, 0x0000000747900000, 0x0000000747a00000|  0%| F|  |TAMS 0x0000000747900000, 0x0000000747900000| Untracked 
| 122|0x0000000747a00000, 0x0000000747a00000, 0x0000000747b00000|  0%| F|  |TAMS 0x0000000747a00000, 0x0000000747a00000| Untracked 
| 123|0x0000000747b00000, 0x0000000747b00000, 0x0000000747c00000|  0%| F|  |TAMS 0x0000000747b00000, 0x0000000747b00000| Untracked 
| 124|0x0000000747c00000, 0x0000000747d00000, 0x0000000747d00000|100%|HS|  |TAMS 0x0000000747c00000, 0x0000000747c00000| Untracked 
| 125|0x0000000747d00000, 0x0000000747e00000, 0x0000000747e00000|100%|HC|  |TAMS 0x0000000747d00000, 0x0000000747d00000| Untracked 
| 126|0x0000000747e00000, 0x0000000747f00000, 0x0000000747f00000|100%|HC|  |TAMS 0x0000000747e00000, 0x0000000747e00000| Untracked 
| 127|0x0000000747f00000, 0x0000000748000000, 0x0000000748000000|100%|HC|  |TAMS 0x0000000747f00000, 0x0000000747f00000| Untracked 
| 128|0x0000000748000000, 0x0000000748000000, 0x0000000748100000|  0%| F|  |TAMS 0x0000000748000000, 0x0000000748000000| Untracked 
| 129|0x0000000748100000, 0x0000000748200000, 0x0000000748200000|100%|HS|  |TAMS 0x0000000748100000, 0x0000000748100000| Untracked 
| 130|0x0000000748200000, 0x0000000748300000, 0x0000000748300000|100%|HC|  |TAMS 0x0000000748200000, 0x0000000748200000| Untracked 
| 131|0x0000000748300000, 0x0000000748400000, 0x0000000748400000|100%|HC|  |TAMS 0x0000000748300000, 0x0000000748300000| Untracked 
| 132|0x0000000748400000, 0x0000000748500000, 0x0000000748500000|100%|HC|  |TAMS 0x0000000748400000, 0x0000000748400000| Untracked 
| 133|0x0000000748500000, 0x0000000748600000, 0x0000000748600000|100%|HC|  |TAMS 0x0000000748500000, 0x0000000748500000| Untracked 
| 134|0x0000000748600000, 0x0000000748700000, 0x0000000748700000|100%|HC|  |TAMS 0x0000000748600000, 0x0000000748600000| Untracked 
| 135|0x0000000748700000, 0x0000000748800000, 0x0000000748800000|100%|HC|  |TAMS 0x0000000748700000, 0x0000000748700000| Untracked 
| 136|0x0000000748800000, 0x0000000748900000, 0x0000000748900000|100%|HC|  |TAMS 0x0000000748800000, 0x0000000748800000| Untracked 
| 137|0x0000000748900000, 0x0000000748900000, 0x0000000748a00000|  0%| F|  |TAMS 0x0000000748900000, 0x0000000748900000| Untracked 
| 138|0x0000000748a00000, 0x0000000748a00000, 0x0000000748b00000|  0%| F|  |TAMS 0x0000000748a00000, 0x0000000748a00000| Untracked 
| 139|0x0000000748b00000, 0x0000000748b00000, 0x0000000748c00000|  0%| F|  |TAMS 0x0000000748b00000, 0x0000000748b00000| Untracked 
| 140|0x0000000748c00000, 0x0000000748c00000, 0x0000000748d00000|  0%| F|  |TAMS 0x0000000748c00000, 0x0000000748c00000| Untracked 
| 141|0x0000000748d00000, 0x0000000748d00000, 0x0000000748e00000|  0%| F|  |TAMS 0x0000000748d00000, 0x0000000748d00000| Untracked 
| 142|0x0000000748e00000, 0x0000000748e00000, 0x0000000748f00000|  0%| F|  |TAMS 0x0000000748e00000, 0x0000000748e00000| Untracked 
| 143|0x0000000748f00000, 0x0000000748f00000, 0x0000000749000000|  0%| F|  |TAMS 0x0000000748f00000, 0x0000000748f00000| Untracked 
| 144|0x0000000749000000, 0x0000000749000000, 0x0000000749100000|  0%| F|  |TAMS 0x0000000749000000, 0x0000000749000000| Untracked 
| 145|0x0000000749100000, 0x0000000749100000, 0x0000000749200000|  0%| F|  |TAMS 0x0000000749100000, 0x0000000749100000| Untracked 
| 146|0x0000000749200000, 0x0000000749200000, 0x0000000749300000|  0%| F|  |TAMS 0x0000000749200000, 0x0000000749200000| Untracked 
| 147|0x0000000749300000, 0x0000000749300000, 0x0000000749400000|  0%| F|  |TAMS 0x0000000749300000, 0x0000000749300000| Untracked 
| 148|0x0000000749400000, 0x0000000749400000, 0x0000000749500000|  0%| F|  |TAMS 0x0000000749400000, 0x0000000749400000| Untracked 
| 149|0x0000000749500000, 0x0000000749500000, 0x0000000749600000|  0%| F|  |TAMS 0x0000000749500000, 0x0000000749500000| Untracked 
| 150|0x0000000749600000, 0x0000000749600000, 0x0000000749700000|  0%| F|  |TAMS 0x0000000749600000, 0x0000000749600000| Untracked 
| 151|0x0000000749700000, 0x0000000749700000, 0x0000000749800000|  0%| F|  |TAMS 0x0000000749700000, 0x0000000749700000| Untracked 
| 152|0x0000000749800000, 0x0000000749800000, 0x0000000749900000|  0%| F|  |TAMS 0x0000000749800000, 0x0000000749800000| Untracked 
| 153|0x0000000749900000, 0x0000000749900000, 0x0000000749a00000|  0%| F|  |TAMS 0x0000000749900000, 0x0000000749900000| Untracked 
| 154|0x0000000749a00000, 0x0000000749a00000, 0x0000000749b00000|  0%| F|  |TAMS 0x0000000749a00000, 0x0000000749a00000| Untracked 
| 155|0x0000000749b00000, 0x0000000749b00000, 0x0000000749c00000|  0%| F|  |TAMS 0x0000000749b00000, 0x0000000749b00000| Untracked 
| 156|0x0000000749c00000, 0x0000000749c00000, 0x0000000749d00000|  0%| F|  |TAMS 0x0000000749c00000, 0x0000000749c00000| Untracked 
| 157|0x0000000749d00000, 0x0000000749d00000, 0x0000000749e00000|  0%| F|  |TAMS 0x0000000749d00000, 0x0000000749d00000| Untracked 
| 158|0x0000000749e00000, 0x0000000749e00000, 0x0000000749f00000|  0%| F|  |TAMS 0x0000000749e00000, 0x0000000749e00000| Untracked 
| 159|0x0000000749f00000, 0x0000000749f00000, 0x000000074a000000|  0%| F|  |TAMS 0x0000000749f00000, 0x0000000749f00000| Untracked 
| 160|0x000000074a000000, 0x000000074a000000, 0x000000074a100000|  0%| F|  |TAMS 0x000000074a000000, 0x000000074a000000| Untracked 
| 161|0x000000074a100000, 0x000000074a100000, 0x000000074a200000|  0%| F|  |TAMS 0x000000074a100000, 0x000000074a100000| Untracked 
| 162|0x000000074a200000, 0x000000074a200000, 0x000000074a300000|  0%| F|  |TAMS 0x000000074a200000, 0x000000074a200000| Untracked 
| 163|0x000000074a300000, 0x000000074a300000, 0x000000074a400000|  0%| F|  |TAMS 0x000000074a300000, 0x000000074a300000| Untracked 
| 164|0x000000074a400000, 0x000000074a400000, 0x000000074a500000|  0%| F|  |TAMS 0x000000074a400000, 0x000000074a400000| Untracked 
| 165|0x000000074a500000, 0x000000074a500000, 0x000000074a600000|  0%| F|  |TAMS 0x000000074a500000, 0x000000074a500000| Untracked 
| 166|0x000000074a600000, 0x000000074a600000, 0x000000074a700000|  0%| F|  |TAMS 0x000000074a600000, 0x000000074a600000| Untracked 
| 167|0x000000074a700000, 0x000000074a700000, 0x000000074a800000|  0%| F|  |TAMS 0x000000074a700000, 0x000000074a700000| Untracked 
| 168|0x000000074a800000, 0x000000074a800000, 0x000000074a900000|  0%| F|  |TAMS 0x000000074a800000, 0x000000074a800000| Untracked 
| 169|0x000000074a900000, 0x000000074a900000, 0x000000074aa00000|  0%| F|  |TAMS 0x000000074a900000, 0x000000074a900000| Untracked 
| 170|0x000000074aa00000, 0x000000074aa00000, 0x000000074ab00000|  0%| F|  |TAMS 0x000000074aa00000, 0x000000074aa00000| Untracked 
| 171|0x000000074ab00000, 0x000000074ab00000, 0x000000074ac00000|  0%| F|  |TAMS 0x000000074ab00000, 0x000000074ab00000| Untracked 
| 172|0x000000074ac00000, 0x000000074ac00000, 0x000000074ad00000|  0%| F|  |TAMS 0x000000074ac00000, 0x000000074ac00000| Untracked 
| 173|0x000000074ad00000, 0x000000074ad00000, 0x000000074ae00000|  0%| F|  |TAMS 0x000000074ad00000, 0x000000074ad00000| Untracked 
| 174|0x000000074ae00000, 0x000000074ae00000, 0x000000074af00000|  0%| F|  |TAMS 0x000000074ae00000, 0x000000074ae00000| Untracked 
| 175|0x000000074af00000, 0x000000074af00000, 0x000000074b000000|  0%| F|  |TAMS 0x000000074af00000, 0x000000074af00000| Untracked 
| 176|0x000000074b000000, 0x000000074b000000, 0x000000074b100000|  0%| F|  |TAMS 0x000000074b000000, 0x000000074b000000| Untracked 
| 177|0x000000074b100000, 0x000000074b100000, 0x000000074b200000|  0%| F|  |TAMS 0x000000074b100000, 0x000000074b100000| Untracked 
| 178|0x000000074b200000, 0x000000074b200000, 0x000000074b300000|  0%| F|  |TAMS 0x000000074b200000, 0x000000074b200000| Untracked 
| 179|0x000000074b300000, 0x000000074b300000, 0x000000074b400000|  0%| F|  |TAMS 0x000000074b300000, 0x000000074b300000| Untracked 
| 180|0x000000074b400000, 0x000000074b400000, 0x000000074b500000|  0%| F|  |TAMS 0x000000074b400000, 0x000000074b400000| Untracked 
| 181|0x000000074b500000, 0x000000074b500000, 0x000000074b600000|  0%| F|  |TAMS 0x000000074b500000, 0x000000074b500000| Untracked 
| 182|0x000000074b600000, 0x000000074b600000, 0x000000074b700000|  0%| F|  |TAMS 0x000000074b600000, 0x000000074b600000| Untracked 
| 183|0x000000074b700000, 0x000000074b700000, 0x000000074b800000|  0%| F|  |TAMS 0x000000074b700000, 0x000000074b700000| Untracked 
| 184|0x000000074b800000, 0x000000074b800000, 0x000000074b900000|  0%| F|  |TAMS 0x000000074b800000, 0x000000074b800000| Untracked 
| 185|0x000000074b900000, 0x000000074b900000, 0x000000074ba00000|  0%| F|  |TAMS 0x000000074b900000, 0x000000074b900000| Untracked 
| 186|0x000000074ba00000, 0x000000074ba00000, 0x000000074bb00000|  0%| F|  |TAMS 0x000000074ba00000, 0x000000074ba00000| Untracked 
| 187|0x000000074bb00000, 0x000000074bb00000, 0x000000074bc00000|  0%| F|  |TAMS 0x000000074bb00000, 0x000000074bb00000| Untracked 
| 188|0x000000074bc00000, 0x000000074bc00000, 0x000000074bd00000|  0%| F|  |TAMS 0x000000074bc00000, 0x000000074bc00000| Untracked 
| 189|0x000000074bd00000, 0x000000074bd00000, 0x000000074be00000|  0%| F|  |TAMS 0x000000074bd00000, 0x000000074bd00000| Untracked 
| 190|0x000000074be00000, 0x000000074be00000, 0x000000074bf00000|  0%| F|  |TAMS 0x000000074be00000, 0x000000074be00000| Untracked 
| 191|0x000000074bf00000, 0x000000074bf00000, 0x000000074c000000|  0%| F|  |TAMS 0x000000074bf00000, 0x000000074bf00000| Untracked 
| 192|0x000000074c000000, 0x000000074c000000, 0x000000074c100000|  0%| F|  |TAMS 0x000000074c000000, 0x000000074c000000| Untracked 
| 193|0x000000074c100000, 0x000000074c100000, 0x000000074c200000|  0%| F|  |TAMS 0x000000074c100000, 0x000000074c100000| Untracked 
| 194|0x000000074c200000, 0x000000074c200000, 0x000000074c300000|  0%| F|  |TAMS 0x000000074c200000, 0x000000074c200000| Untracked 
| 195|0x000000074c300000, 0x000000074c300000, 0x000000074c400000|  0%| F|  |TAMS 0x000000074c300000, 0x000000074c300000| Untracked 
| 196|0x000000074c400000, 0x000000074c400000, 0x000000074c500000|  0%| F|  |TAMS 0x000000074c400000, 0x000000074c400000| Untracked 
| 197|0x000000074c500000, 0x000000074c500000, 0x000000074c600000|  0%| F|  |TAMS 0x000000074c500000, 0x000000074c500000| Untracked 
| 198|0x000000074c600000, 0x000000074c600000, 0x000000074c700000|  0%| F|  |TAMS 0x000000074c600000, 0x000000074c600000| Untracked 
| 199|0x000000074c700000, 0x000000074c700000, 0x000000074c800000|  0%| F|  |TAMS 0x000000074c700000, 0x000000074c700000| Untracked 
| 200|0x000000074c800000, 0x000000074c800000, 0x000000074c900000|  0%| F|  |TAMS 0x000000074c800000, 0x000000074c800000| Untracked 
| 201|0x000000074c900000, 0x000000074c900000, 0x000000074ca00000|  0%| F|  |TAMS 0x000000074c900000, 0x000000074c900000| Untracked 
| 202|0x000000074ca00000, 0x000000074ca00000, 0x000000074cb00000|  0%| F|  |TAMS 0x000000074ca00000, 0x000000074ca00000| Untracked 
| 203|0x000000074cb00000, 0x000000074cb00000, 0x000000074cc00000|  0%| F|  |TAMS 0x000000074cb00000, 0x000000074cb00000| Untracked 
| 204|0x000000074cc00000, 0x000000074cc00000, 0x000000074cd00000|  0%| F|  |TAMS 0x000000074cc00000, 0x000000074cc00000| Untracked 
| 205|0x000000074cd00000, 0x000000074cd00000, 0x000000074ce00000|  0%| F|  |TAMS 0x000000074cd00000, 0x000000074cd00000| Untracked 
| 206|0x000000074ce00000, 0x000000074ce00000, 0x000000074cf00000|  0%| F|  |TAMS 0x000000074ce00000, 0x000000074ce00000| Untracked 
| 207|0x000000074cf00000, 0x000000074cf00000, 0x000000074d000000|  0%| F|  |TAMS 0x000000074cf00000, 0x000000074cf00000| Untracked 
| 208|0x000000074d000000, 0x000000074d000000, 0x000000074d100000|  0%| F|  |TAMS 0x000000074d000000, 0x000000074d000000| Untracked 
| 209|0x000000074d100000, 0x000000074d100000, 0x000000074d200000|  0%| F|  |TAMS 0x000000074d100000, 0x000000074d100000| Untracked 
| 210|0x000000074d200000, 0x000000074d200000, 0x000000074d300000|  0%| F|  |TAMS 0x000000074d200000, 0x000000074d200000| Untracked 
| 211|0x000000074d300000, 0x000000074d300000, 0x000000074d400000|  0%| F|  |TAMS 0x000000074d300000, 0x000000074d300000| Untracked 
| 212|0x000000074d400000, 0x000000074d400000, 0x000000074d500000|  0%| F|  |TAMS 0x000000074d400000, 0x000000074d400000| Untracked 
| 213|0x000000074d500000, 0x000000074d500000, 0x000000074d600000|  0%| F|  |TAMS 0x000000074d500000, 0x000000074d500000| Untracked 
| 214|0x000000074d600000, 0x000000074d600000, 0x000000074d700000|  0%| F|  |TAMS 0x000000074d600000, 0x000000074d600000| Untracked 
| 215|0x000000074d700000, 0x000000074d700000, 0x000000074d800000|  0%| F|  |TAMS 0x000000074d700000, 0x000000074d700000| Untracked 
| 216|0x000000074d800000, 0x000000074d800000, 0x000000074d900000|  0%| F|  |TAMS 0x000000074d800000, 0x000000074d800000| Untracked 
| 217|0x000000074d900000, 0x000000074d900000, 0x000000074da00000|  0%| F|  |TAMS 0x000000074d900000, 0x000000074d900000| Untracked 
| 218|0x000000074da00000, 0x000000074da00000, 0x000000074db00000|  0%| F|  |TAMS 0x000000074da00000, 0x000000074da00000| Untracked 
| 219|0x000000074db00000, 0x000000074db00000, 0x000000074dc00000|  0%| F|  |TAMS 0x000000074db00000, 0x000000074db00000| Untracked 
| 220|0x000000074dc00000, 0x000000074dc00000, 0x000000074dd00000|  0%| F|  |TAMS 0x000000074dc00000, 0x000000074dc00000| Untracked 
| 221|0x000000074dd00000, 0x000000074dd00000, 0x000000074de00000|  0%| F|  |TAMS 0x000000074dd00000, 0x000000074dd00000| Untracked 
| 222|0x000000074de00000, 0x000000074de00000, 0x000000074df00000|  0%| F|  |TAMS 0x000000074de00000, 0x000000074de00000| Untracked 
| 223|0x000000074df00000, 0x000000074df00000, 0x000000074e000000|  0%| F|  |TAMS 0x000000074df00000, 0x000000074df00000| Untracked 
| 224|0x000000074e000000, 0x000000074e000000, 0x000000074e100000|  0%| F|  |TAMS 0x000000074e000000, 0x000000074e000000| Untracked 
| 225|0x000000074e100000, 0x000000074e100000, 0x000000074e200000|  0%| F|  |TAMS 0x000000074e100000, 0x000000074e100000| Untracked 
| 226|0x000000074e200000, 0x000000074e200000, 0x000000074e300000|  0%| F|  |TAMS 0x000000074e200000, 0x000000074e200000| Untracked 
| 227|0x000000074e300000, 0x000000074e300000, 0x000000074e400000|  0%| F|  |TAMS 0x000000074e300000, 0x000000074e300000| Untracked 
| 228|0x000000074e400000, 0x000000074e400000, 0x000000074e500000|  0%| F|  |TAMS 0x000000074e400000, 0x000000074e400000| Untracked 
| 229|0x000000074e500000, 0x000000074e500000, 0x000000074e600000|  0%| F|  |TAMS 0x000000074e500000, 0x000000074e500000| Untracked 
| 230|0x000000074e600000, 0x000000074e600000, 0x000000074e700000|  0%| F|  |TAMS 0x000000074e600000, 0x000000074e600000| Untracked 
| 231|0x000000074e700000, 0x000000074e700000, 0x000000074e800000|  0%| F|  |TAMS 0x000000074e700000, 0x000000074e700000| Untracked 
| 232|0x000000074e800000, 0x000000074e800000, 0x000000074e900000|  0%| F|  |TAMS 0x000000074e800000, 0x000000074e800000| Untracked 
| 233|0x000000074e900000, 0x000000074e900000, 0x000000074ea00000|  0%| F|  |TAMS 0x000000074e900000, 0x000000074e900000| Untracked 
| 234|0x000000074ea00000, 0x000000074ea00000, 0x000000074eb00000|  0%| F|  |TAMS 0x000000074ea00000, 0x000000074ea00000| Untracked 
| 235|0x000000074eb00000, 0x000000074eb00000, 0x000000074ec00000|  0%| F|  |TAMS 0x000000074eb00000, 0x000000074eb00000| Untracked 
| 236|0x000000074ec00000, 0x000000074ec00000, 0x000000074ed00000|  0%| F|  |TAMS 0x000000074ec00000, 0x000000074ec00000| Untracked 
| 237|0x000000074ed00000, 0x000000074edfb128, 0x000000074ee00000| 98%| S|CS|TAMS 0x000000074ed00000, 0x000000074ed00000| Complete 
| 238|0x000000074ee00000, 0x000000074ef00000, 0x000000074ef00000|100%| S|CS|TAMS 0x000000074ee00000, 0x000000074ee00000| Complete 
| 239|0x000000074ef00000, 0x000000074ef00000, 0x000000074f000000|  0%| F|  |TAMS 0x000000074ef00000, 0x000000074ef00000| Untracked 
| 240|0x000000074f000000, 0x000000074f000000, 0x000000074f100000|  0%| F|  |TAMS 0x000000074f000000, 0x000000074f000000| Untracked 
| 241|0x000000074f100000, 0x000000074f100000, 0x000000074f200000|  0%| F|  |TAMS 0x000000074f100000, 0x000000074f100000| Untracked 
| 242|0x000000074f200000, 0x000000074f200000, 0x000000074f300000|  0%| F|  |TAMS 0x000000074f200000, 0x000000074f200000| Untracked 
| 243|0x000000074f300000, 0x000000074f300000, 0x000000074f400000|  0%| F|  |TAMS 0x000000074f300000, 0x000000074f300000| Untracked 
| 244|0x000000074f400000, 0x000000074f400000, 0x000000074f500000|  0%| F|  |TAMS 0x000000074f400000, 0x000000074f400000| Untracked 
| 245|0x000000074f500000, 0x000000074f500000, 0x000000074f600000|  0%| F|  |TAMS 0x000000074f500000, 0x000000074f500000| Untracked 
| 246|0x000000074f600000, 0x000000074f600000, 0x000000074f700000|  0%| F|  |TAMS 0x000000074f600000, 0x000000074f600000| Untracked 
| 247|0x000000074f700000, 0x000000074f700000, 0x000000074f800000|  0%| F|  |TAMS 0x000000074f700000, 0x000000074f700000| Untracked 
| 248|0x000000074f800000, 0x000000074f800000, 0x000000074f900000|  0%| F|  |TAMS 0x000000074f800000, 0x000000074f800000| Untracked 
| 249|0x000000074f900000, 0x000000074f900000, 0x000000074fa00000|  0%| F|  |TAMS 0x000000074f900000, 0x000000074f900000| Untracked 
| 250|0x000000074fa00000, 0x000000074fa00000, 0x000000074fb00000|  0%| F|  |TAMS 0x000000074fa00000, 0x000000074fa00000| Untracked 
| 251|0x000000074fb00000, 0x000000074fb00000, 0x000000074fc00000|  0%| F|  |TAMS 0x000000074fb00000, 0x000000074fb00000| Untracked 
| 252|0x000000074fc00000, 0x000000074fc00000, 0x000000074fd00000|  0%| F|  |TAMS 0x000000074fc00000, 0x000000074fc00000| Untracked 
| 253|0x000000074fd00000, 0x000000074fd00000, 0x000000074fe00000|  0%| F|  |TAMS 0x000000074fd00000, 0x000000074fd00000| Untracked 
| 254|0x000000074fe00000, 0x000000074fe00000, 0x000000074ff00000|  0%| F|  |TAMS 0x000000074fe00000, 0x000000074fe00000| Untracked 
| 255|0x000000074ff00000, 0x000000074ff00000, 0x0000000750000000|  0%| F|  |TAMS 0x000000074ff00000, 0x000000074ff00000| Untracked 
| 256|0x0000000750000000, 0x0000000750000000, 0x0000000750100000|  0%| F|  |TAMS 0x0000000750000000, 0x0000000750000000| Untracked 
| 257|0x0000000750100000, 0x0000000750100000, 0x0000000750200000|  0%| F|  |TAMS 0x0000000750100000, 0x0000000750100000| Untracked 
| 258|0x0000000750200000, 0x0000000750200000, 0x0000000750300000|  0%| F|  |TAMS 0x0000000750200000, 0x0000000750200000| Untracked 
| 259|0x0000000750300000, 0x0000000750300000, 0x0000000750400000|  0%| F|  |TAMS 0x0000000750300000, 0x0000000750300000| Untracked 
| 260|0x0000000750400000, 0x0000000750400000, 0x0000000750500000|  0%| F|  |TAMS 0x0000000750400000, 0x0000000750400000| Untracked 
| 261|0x0000000750500000, 0x0000000750500000, 0x0000000750600000|  0%| F|  |TAMS 0x0000000750500000, 0x0000000750500000| Untracked 
| 262|0x0000000750600000, 0x0000000750600000, 0x0000000750700000|  0%| F|  |TAMS 0x0000000750600000, 0x0000000750600000| Untracked 
| 263|0x0000000750700000, 0x0000000750700000, 0x0000000750800000|  0%| F|  |TAMS 0x0000000750700000, 0x0000000750700000| Untracked 
| 264|0x0000000750800000, 0x0000000750800000, 0x0000000750900000|  0%| F|  |TAMS 0x0000000750800000, 0x0000000750800000| Untracked 
| 265|0x0000000750900000, 0x0000000750900000, 0x0000000750a00000|  0%| F|  |TAMS 0x0000000750900000, 0x0000000750900000| Untracked 
| 266|0x0000000750a00000, 0x0000000750a00000, 0x0000000750b00000|  0%| F|  |TAMS 0x0000000750a00000, 0x0000000750a00000| Untracked 
| 267|0x0000000750b00000, 0x0000000750b00000, 0x0000000750c00000|  0%| F|  |TAMS 0x0000000750b00000, 0x0000000750b00000| Untracked 
| 268|0x0000000750c00000, 0x0000000750c00000, 0x0000000750d00000|  0%| F|  |TAMS 0x0000000750c00000, 0x0000000750c00000| Untracked 
| 269|0x0000000750d00000, 0x0000000750d00000, 0x0000000750e00000|  0%| F|  |TAMS 0x0000000750d00000, 0x0000000750d00000| Untracked 
| 270|0x0000000750e00000, 0x0000000750e00000, 0x0000000750f00000|  0%| F|  |TAMS 0x0000000750e00000, 0x0000000750e00000| Untracked 
| 271|0x0000000750f00000, 0x0000000750f00000, 0x0000000751000000|  0%| F|  |TAMS 0x0000000750f00000, 0x0000000750f00000| Untracked 
| 272|0x0000000751000000, 0x0000000751000000, 0x0000000751100000|  0%| F|  |TAMS 0x0000000751000000, 0x0000000751000000| Untracked 
| 273|0x0000000751100000, 0x0000000751100000, 0x0000000751200000|  0%| F|  |TAMS 0x0000000751100000, 0x0000000751100000| Untracked 
| 274|0x0000000751200000, 0x0000000751200000, 0x0000000751300000|  0%| F|  |TAMS 0x0000000751200000, 0x0000000751200000| Untracked 
| 275|0x0000000751300000, 0x0000000751300000, 0x0000000751400000|  0%| F|  |TAMS 0x0000000751300000, 0x0000000751300000| Untracked 
| 276|0x0000000751400000, 0x0000000751400000, 0x0000000751500000|  0%| F|  |TAMS 0x0000000751400000, 0x0000000751400000| Untracked 
| 277|0x0000000751500000, 0x0000000751500000, 0x0000000751600000|  0%| F|  |TAMS 0x0000000751500000, 0x0000000751500000| Untracked 
| 278|0x0000000751600000, 0x0000000751600000, 0x0000000751700000|  0%| F|  |TAMS 0x0000000751600000, 0x0000000751600000| Untracked 
| 279|0x0000000751700000, 0x0000000751700000, 0x0000000751800000|  0%| F|  |TAMS 0x0000000751700000, 0x0000000751700000| Untracked 
| 280|0x0000000751800000, 0x0000000751800000, 0x0000000751900000|  0%| F|  |TAMS 0x0000000751800000, 0x0000000751800000| Untracked 
| 281|0x0000000751900000, 0x0000000751900000, 0x0000000751a00000|  0%| F|  |TAMS 0x0000000751900000, 0x0000000751900000| Untracked 
| 282|0x0000000751a00000, 0x0000000751a00000, 0x0000000751b00000|  0%| F|  |TAMS 0x0000000751a00000, 0x0000000751a00000| Untracked 
| 283|0x0000000751b00000, 0x0000000751b00000, 0x0000000751c00000|  0%| F|  |TAMS 0x0000000751b00000, 0x0000000751b00000| Untracked 
| 284|0x0000000751c00000, 0x0000000751c00000, 0x0000000751d00000|  0%| F|  |TAMS 0x0000000751c00000, 0x0000000751c00000| Untracked 
| 285|0x0000000751d00000, 0x0000000751d00000, 0x0000000751e00000|  0%| F|  |TAMS 0x0000000751d00000, 0x0000000751d00000| Untracked 
| 286|0x0000000751e00000, 0x0000000751e00000, 0x0000000751f00000|  0%| F|  |TAMS 0x0000000751e00000, 0x0000000751e00000| Untracked 
| 287|0x0000000751f00000, 0x0000000751f00000, 0x0000000752000000|  0%| F|  |TAMS 0x0000000751f00000, 0x0000000751f00000| Untracked 
| 288|0x0000000752000000, 0x0000000752000000, 0x0000000752100000|  0%| F|  |TAMS 0x0000000752000000, 0x0000000752000000| Untracked 
| 289|0x0000000752100000, 0x0000000752100000, 0x0000000752200000|  0%| F|  |TAMS 0x0000000752100000, 0x0000000752100000| Untracked 
| 290|0x0000000752200000, 0x0000000752200000, 0x0000000752300000|  0%| F|  |TAMS 0x0000000752200000, 0x0000000752200000| Untracked 
| 291|0x0000000752300000, 0x00000007523e6c78, 0x0000000752400000| 90%| E|  |TAMS 0x0000000752300000, 0x0000000752300000| Complete 
| 292|0x0000000752400000, 0x0000000752418760, 0x0000000752500000|  9%| O|  |TAMS 0x0000000752400000, 0x0000000752400000| Untracked 
| 293|0x0000000752500000, 0x0000000752600000, 0x0000000752600000|100%| E|CS|TAMS 0x0000000752500000, 0x0000000752500000| Complete 
| 294|0x0000000752600000, 0x0000000752700000, 0x0000000752700000|100%| E|CS|TAMS 0x0000000752600000, 0x0000000752600000| Complete 
| 295|0x0000000752700000, 0x0000000752705e80, 0x0000000752800000|  2%| O|  |TAMS 0x0000000752700000, 0x0000000752700000| Untracked 
| 296|0x0000000752800000, 0x0000000752900000, 0x0000000752900000|100%| E|CS|TAMS 0x0000000752800000, 0x0000000752800000| Complete 
| 297|0x0000000752900000, 0x0000000752a00000, 0x0000000752a00000|100%| E|CS|TAMS 0x0000000752900000, 0x0000000752900000| Complete 
| 298|0x0000000752a00000, 0x0000000752b00000, 0x0000000752b00000|100%| E|CS|TAMS 0x0000000752a00000, 0x0000000752a00000| Complete 
| 299|0x0000000752b00000, 0x0000000752b04b00, 0x0000000752c00000|  1%| O|  |TAMS 0x0000000752b00000, 0x0000000752b00000| Untracked 

Card table byte_map: [0x000001e6fb790000,0x000001e6fbd90000] _byte_map_base: 0x000001e6f7d90000

Marking Bits (Prev, Next): (CMBitMap*) 0x000001e6f228ec90, (CMBitMap*) 0x000001e6f228ec58
 Prev Bits: [0x000001e68f000000, 0x000001e692000000)
 Next Bits: [0x000001e6fc390000, 0x000001e6ff390000)

Polling page: 0x000001e6e81d0000

Metaspace:

Usage:
  Non-class:     89.67 MB capacity,    88.55 MB ( 99%) used,   874.66 KB ( <1%) free+waste,   271.19 KB ( <1%) overhead. 
      Class:     14.55 MB capacity,    13.76 MB ( 95%) used,   686.77 KB (  5%) free+waste,   123.56 KB ( <1%) overhead. 
       Both:    104.22 MB capacity,   102.31 MB ( 98%) used,     1.52 MB (  1%) free+waste,   394.75 KB ( <1%) overhead. 

Virtual space:
  Non-class space:       92.00 MB reserved,      91.25 MB (>99%) committed 
      Class space:        1.00 GB reserved,      15.50 MB (  2%) committed 
             Both:        1.09 GB reserved,     106.75 MB ( 10%) committed 

Chunk freelists:
   Non-Class:  202.25 KB
       Class:  121.88 KB
        Both:  324.13 KB

CodeHeap 'non-profiled nmethods': size=120000Kb used=31533Kb max_used=31533Kb free=88466Kb
 bounds [0x000001e687ad0000, 0x000001e6899b0000, 0x000001e68f000000]
CodeHeap 'profiled nmethods': size=120000Kb used=50626Kb max_used=50626Kb free=69373Kb
 bounds [0x000001e6805a0000, 0x000001e683780000, 0x000001e687ad0000]
CodeHeap 'non-nmethods': size=5760Kb used=1765Kb max_used=1823Kb free=3994Kb
 bounds [0x000001e680000000, 0x000001e680270000, 0x000001e6805a0000]
 total_blobs=46000 nmethods=21975 adapters=1271
 compilation: enabled
              stopped_count=0, restarted_count=0
 full_count=0

Compilation events (10 events):
Event: 8737.932 Thread 0x000001e6f2145800 30355       3       com.google.protobuf.CodedOutputStream::<init> (5 bytes)
Event: 8737.932 Thread 0x000001e6f2145800 nmethod 30355 0x000001e683559890 code [0x000001e683559a40, 0x000001e683559c58]
Event: 8737.932 Thread 0x000001e6f2145800 30356       3       com.google.protobuf.ByteOutput::<init> (5 bytes)
Event: 8737.932 Thread 0x000001e6f2145800 nmethod 30356 0x000001e6832f7210 code [0x000001e6832f73c0, 0x000001e6832f7578]
Event: 8738.031 Thread 0x000001e6f2145800 30357   !   3       javax.swing.RepaintManager::addDirtyRegion0 (205 bytes)
Event: 8738.034 Thread 0x000001e6f2145800 nmethod 30357 0x000001e68377cf90 code [0x000001e68377d2c0, 0x000001e68377f000]
Event: 8738.351 Thread 0x000001e6f12a7800 30358  s    4       javax.swing.RepaintManager::extendDirtyRegion (36 bytes)
Event: 8738.355 Thread 0x000001e6f12a7800 nmethod 30358 0x000001e68986ba90 code [0x000001e68986bc40, 0x000001e68986c328]
Event: 8739.125 Thread 0x000001e6f2145800 30359       3       java.io.Writer::write (11 bytes)
Event: 8739.125 Thread 0x000001e6f2145800 nmethod 30359 0x000001e68377f710 code [0x000001e68377f8e0, 0x000001e68377fc10]

GC Heap History (10 events):
Event: 8713.402 GC heap before
{Heap before GC invocations=1959 (full 1220):
 garbage-first heap   total 307200K, used 132668K [0x0000000740000000, 0x0000000800000000)
  region size 1024K, 4 young (4096K), 2 survivors (2048K)
 Metaspace       used 104723K, capacity 106627K, committed 109312K, reserved 1142784K
  class space    used 14084K, capacity 14895K, committed 15872K, reserved 1048576K
}
Event: 8713.404 GC heap after
{Heap after GC invocations=1960 (full 1220):
 garbage-first heap   total 307200K, used 131194K [0x0000000740000000, 0x0000000800000000)
  region size 1024K, 1 young (1024K), 1 survivors (1024K)
 Metaspace       used 104723K, capacity 106627K, committed 109312K, reserved 1142784K
  class space    used 14084K, capacity 14895K, committed 15872K, reserved 1048576K
}
Event: 8714.655 GC heap before
{Heap before GC invocations=1960 (full 1220):
 garbage-first heap   total 307200K, used 194682K [0x0000000740000000, 0x0000000800000000)
  region size 1024K, 60 young (61440K), 1 survivors (1024K)
 Metaspace       used 104723K, capacity 106627K, committed 109312K, reserved 1142784K
  class space    used 14084K, capacity 14895K, committed 15872K, reserved 1048576K
}
Event: 8714.657 GC heap after
{Heap after GC invocations=1961 (full 1220):
 garbage-first heap   total 307200K, used 134424K [0x0000000740000000, 0x0000000800000000)
  region size 1024K, 2 young (2048K), 2 survivors (2048K)
 Metaspace       used 104723K, capacity 106627K, committed 109312K, reserved 1142784K
  class space    used 14084K, capacity 14895K, committed 15872K, reserved 1048576K
}
Event: 8733.574 GC heap before
{Heap before GC invocations=1961 (full 1220):
 garbage-first heap   total 307200K, used 193816K [0x0000000740000000, 0x0000000800000000)
  region size 1024K, 60 young (61440K), 2 survivors (2048K)
 Metaspace       used 104737K, capacity 106701K, committed 109312K, reserved 1142784K
  class space    used 14084K, capacity 14895K, committed 15872K, reserved 1048576K
}
Event: 8733.576 GC heap after
{Heap after GC invocations=1962 (full 1220):
 garbage-first heap   total 307200K, used 131494K [0x0000000740000000, 0x0000000800000000)
  region size 1024K, 2 young (2048K), 2 survivors (2048K)
 Metaspace       used 104737K, capacity 106701K, committed 109312K, reserved 1142784K
  class space    used 14084K, capacity 14895K, committed 15872K, reserved 1048576K
}
Event: 8736.629 GC heap before
{Heap before GC invocations=1962 (full 1220):
 garbage-first heap   total 307200K, used 190886K [0x0000000740000000, 0x0000000800000000)
  region size 1024K, 60 young (61440K), 2 survivors (2048K)
 Metaspace       used 104745K, capacity 106713K, committed 109312K, reserved 1142784K
  class space    used 14084K, capacity 14895K, committed 15872K, reserved 1048576K
}
Event: 8736.632 GC heap after
{Heap after GC invocations=1963 (full 1220):
 garbage-first heap   total 307200K, used 131729K [0x0000000740000000, 0x0000000800000000)
  region size 1024K, 2 young (2048K), 2 survivors (2048K)
 Metaspace       used 104745K, capacity 106713K, committed 109312K, reserved 1142784K
  class space    used 14084K, capacity 14895K, committed 15872K, reserved 1048576K
}
Event: 8737.908 GC heap before
{Heap before GC invocations=1963 (full 1220):
 garbage-first heap   total 307200K, used 191121K [0x0000000740000000, 0x0000000800000000)
  region size 1024K, 60 young (61440K), 2 survivors (2048K)
 Metaspace       used 104753K, capacity 106713K, committed 109312K, reserved 1142784K
  class space    used 14084K, capacity 14895K, committed 15872K, reserved 1048576K
}
Event: 8737.911 GC heap after
{Heap after GC invocations=1964 (full 1220):
 garbage-first heap   total 307200K, used 132270K [0x0000000740000000, 0x0000000800000000)
  region size 1024K, 2 young (2048K), 2 survivors (2048K)
 Metaspace       used 104753K, capacity 106713K, committed 109312K, reserved 1142784K
  class space    used 14084K, capacity 14895K, committed 15872K, reserved 1048576K
}

Deoptimization events (10 events):
Event: 8657.720 Thread 0x000001e6a7159800 Uncommon trap: reason=class_check action=maybe_recompile pc=0x000001e6893b6ddc method=com.jidesoft.plaf.synthetica.AnimationThreadFactory$AnimationThread.run()V @ 130 c2
Event: 8676.377 Thread 0x000001e6a7159800 Uncommon trap: reason=class_check action=maybe_recompile pc=0x000001e6893b6ddc method=com.jidesoft.plaf.synthetica.AnimationThreadFactory$AnimationThread.run()V @ 130 c2
Event: 8694.085 Thread 0x000001e6a7159800 Uncommon trap: reason=class_check action=maybe_recompile pc=0x000001e6893b6ddc method=com.jidesoft.plaf.synthetica.AnimationThreadFactory$AnimationThread.run()V @ 130 c2
Event: 8729.589 Thread 0x000001e6a7159800 Uncommon trap: reason=class_check action=maybe_recompile pc=0x000001e688f14bd4 method=com.jidesoft.plaf.synthetica.AnimationThreadFactory$AnimationThread.run()V @ 130 c2
Event: 8737.931 Thread 0x000001e6957cd800 Uncommon trap: reason=unstable_if action=reinterpret pc=0x000001e688d504f8 method=javax.swing.RepaintManager.addDirtyRegion0(Ljava/awt/Container;IIII)V @ 26 c2
Event: 8739.122 Thread 0x000001e6957cd800 Uncommon trap: reason=unstable_if action=reinterpret pc=0x000001e6880d8108 method=java.lang.Throwable.getOurStackTrace()[Ljava/lang/StackTraceElement; @ 7 c2
Event: 8739.125 Thread 0x000001e6957cd800 Uncommon trap: reason=bimorphic_or_optimized_type_check action=maybe_recompile pc=0x000001e68905bc08 method=java.io.PrintWriter.write(Ljava/lang/String;II)V @ 19 c2
Event: 8739.125 Thread 0x000001e6957cd800 Uncommon trap: reason=bimorphic_or_optimized_type_check action=maybe_recompile pc=0x000001e68905bc08 method=java.io.PrintWriter.write(Ljava/lang/String;II)V @ 19 c2
Event: 8739.125 Thread 0x000001e6957cd800 Uncommon trap: reason=bimorphic_or_optimized_type_check action=maybe_recompile pc=0x000001e68905bc08 method=java.io.PrintWriter.write(Ljava/lang/String;II)V @ 19 c2
Event: 8739.125 Thread 0x000001e6957cd800 Uncommon trap: reason=bimorphic_or_optimized_type_check action=maybe_recompile pc=0x000001e68905bc08 method=java.io.PrintWriter.write(Ljava/lang/String;II)V @ 19 c2

Classes redefined (0 events):
No events

Internal exceptions (10 events):
Event: 8720.098 Thread 0x000001e6957cd800 Exception <a 'java/io/FileNotFoundException'{0x00000007512e1d78}> (0x00000007512e1d78) thrown at [t:/workspace/open/src/hotspot/share/prims/jni.cpp, line 615]
Event: 8720.098 Thread 0x000001e6957cd800 Exception <a 'java/io/FileNotFoundException'{0x00000007512e24f8}> (0x00000007512e24f8) thrown at [t:/workspace/open/src/hotspot/share/prims/jni.cpp, line 615]
Event: 8725.106 Thread 0x000001e6957cd800 Exception <a 'java/io/FileNotFoundException'{0x0000000750cdee38}> (0x0000000750cdee38) thrown at [t:/workspace/open/src/hotspot/share/prims/jni.cpp, line 615]
Event: 8725.106 Thread 0x000001e6957cd800 Exception <a 'java/io/FileNotFoundException'{0x0000000750cdf5b8}> (0x0000000750cdf5b8) thrown at [t:/workspace/open/src/hotspot/share/prims/jni.cpp, line 615]
Event: 8730.108 Thread 0x000001e6957cd800 Exception <a 'java/io/FileNotFoundException'{0x00000007504fd780}> (0x00000007504fd780) thrown at [t:/workspace/open/src/hotspot/share/prims/jni.cpp, line 615]
Event: 8730.108 Thread 0x000001e6957cd800 Exception <a 'java/io/FileNotFoundException'{0x00000007504fdf00}> (0x00000007504fdf00) thrown at [t:/workspace/open/src/hotspot/share/prims/jni.cpp, line 615]
Event: 8735.106 Thread 0x000001e6957cd800 Exception <a 'java/io/FileNotFoundException'{0x00000007512ac200}> (0x00000007512ac200) thrown at [t:/workspace/open/src/hotspot/share/prims/jni.cpp, line 615]
Event: 8735.106 Thread 0x000001e6957cd800 Exception <a 'java/io/FileNotFoundException'{0x00000007512ac980}> (0x00000007512ac980) thrown at [t:/workspace/open/src/hotspot/share/prims/jni.cpp, line 615]
Event: 8737.648 Thread 0x000001e6a9b5c000 Exception <a 'java/lang/InterruptedException'{0x0000000752689190}: sleep interrupted> (0x0000000752689190) thrown at [t:/workspace/open/src/hotspot/share/prims/jvm.cpp, line 3091]
Event: 8739.122 Thread 0x000001e6957cd800 Exception <a 'ui/frmwork/cmd/CommandFailedException'{0x0000000752534d00}: Unknown exception occurred> (0x0000000752534d00) thrown at [t:/workspace/open/src/hotspot/share/prims/jni.cpp, line 636]

Events (10 events):
Event: 8739.125 Thread 0x000001e6957cd800 DEOPT PACKING pc=0x000001e68905bc08 sp=0x000000d2d1cfc820
Event: 8739.125 Thread 0x000001e6957cd800 DEOPT UNPACKING pc=0x000001e6800291af sp=0x000000d2d1cfc7d8 mode 2
Event: 8739.125 Thread 0x000001e6957cd800 Uncommon trap: trap_request=0xffffffc6 fr.pc=0x000001e68905bc08 relative=0x00000000000005a8
Event: 8739.125 Thread 0x000001e6957cd800 DEOPT PACKING pc=0x000001e68905bc08 sp=0x000000d2d1cfc820
Event: 8739.125 Thread 0x000001e6957cd800 DEOPT UNPACKING pc=0x000001e6800291af sp=0x000000d2d1cfc7d8 mode 2
Event: 8739.125 Thread 0x000001e6957cd800 Uncommon trap: trap_request=0xffffffc6 fr.pc=0x000001e68905bc08 relative=0x00000000000005a8
Event: 8739.125 Thread 0x000001e6957cd800 DEOPT PACKING pc=0x000001e68905bc08 sp=0x000000d2d1cfc820
Event: 8739.125 Thread 0x000001e6957cd800 DEOPT UNPACKING pc=0x000001e6800291af sp=0x000000d2d1cfc7d8 mode 2
Event: 8739.126 loading class ui/frmwork/COutOfMemoryException
Event: 8739.126 loading class ui/frmwork/COutOfMemoryException done


Dynamic libraries:
0x00007ff7969f0000 - 0x00007ff796a21000 	C:\Xilinx\Vivado\2021.1\bin\unwrapped\win64.o\vivado.exe
0x00007ff84e090000 - 0x00007ff84e285000 	C:\windows\SYSTEM32\ntdll.dll
0x00007ff84c830000 - 0x00007ff84c8ed000 	C:\windows\System32\KERNEL32.DLL
0x00007ff84b7d0000 - 0x00007ff84ba9d000 	C:\windows\System32\KERNELBASE.dll
0x00007ff84bfe0000 - 0x00007ff84c0e0000 	C:\windows\System32\ucrtbase.dll
0x00007ffffe3d0000 - 0x00007ffffe3eb000 	C:\windows\SYSTEM32\VCRUNTIME140.dll
0x00007fffe5660000 - 0x00007fffe690a000 	C:\Xilinx\Vivado\2021.1\lib\win64.o\librdi_common.dll
0x00007fffefdd0000 - 0x00007fffefe5d000 	C:\windows\SYSTEM32\MSVCP140.dll
0x00007fffefc20000 - 0x00007fffefc38000 	C:\Xilinx\Vivado\2021.1\lib\win64.o\librdi_commonmain.dll
0x00007ff84c990000 - 0x00007ff84cb30000 	C:\windows\System32\USER32.dll
0x00007ff84bc70000 - 0x00007ff84bc92000 	C:\windows\System32\win32u.dll
0x00007ff84cc20000 - 0x00007ff84cc4a000 	C:\windows\System32\GDI32.dll
0x00007ff84baa0000 - 0x00007ff84bbab000 	C:\windows\System32\gdi32full.dll
0x00007ff84bf40000 - 0x00007ff84bfdd000 	C:\windows\System32\msvcp_win.dll
0x00007ff84db60000 - 0x00007ff84dc0e000 	C:\windows\System32\ADVAPI32.dll
0x00007ff84c8f0000 - 0x00007ff84c98e000 	C:\windows\System32\msvcrt.dll
0x00007ff84d1f0000 - 0x00007ff84d28c000 	C:\windows\System32\sechost.dll
0x00007ff82e920000 - 0x00007ff82e92c000 	C:\windows\SYSTEM32\VCRUNTIME140_1.dll
0x00007ff84cc50000 - 0x00007ff84cd75000 	C:\windows\System32\RPCRT4.dll
0x00007ff84c0e0000 - 0x00007ff84c824000 	C:\windows\System32\SHELL32.dll
0x00007ff84cd90000 - 0x00007ff84cdfb000 	C:\windows\System32\WS2_32.dll
0x00007ff84b7a0000 - 0x00007ff84b7c7000 	C:\windows\System32\bcrypt.dll
0x00007fffe84d0000 - 0x00007fffe883e000 	C:\Xilinx\Vivado\2021.1\lib\win64.o\libCOIN-all.dll
0x00007fffefbd0000 - 0x00007fffefbe1000 	C:\Xilinx\Vivado\2021.1\lib\win64.o\libboost_date_time.dll
0x00007fffefbf0000 - 0x00007fffefc11000 	C:\Xilinx\Vivado\2021.1\lib\win64.o\libboost_filesystem.dll
0x00007fffeca40000 - 0x00007fffecab9000 	C:\Xilinx\Vivado\2021.1\lib\win64.o\libboost_program_options.dll
0x00007fffe83b0000 - 0x00007fffe84c4000 	C:\Xilinx\Vivado\2021.1\lib\win64.o\libboost_regex.dll
0x00007fffefbb0000 - 0x00007fffefbcc000 	C:\Xilinx\Vivado\2021.1\lib\win64.o\libboost_thread.dll
0x00007ff800250000 - 0x00007ff80025c000 	C:\Xilinx\Vivado\2021.1\lib\win64.o\libboost_xilinx.dll
0x00007fffe8320000 - 0x00007fffe83a2000 	C:\Xilinx\Vivado\2021.1\lib\win64.o\libhdlpsolve.dll
0x00007fffec990000 - 0x00007fffeca35000 	C:\Xilinx\Vivado\2021.1\lib\win64.o\libhdxml.dll
0x00007fffe46b0000 - 0x00007fffe5651200 	C:\Xilinx\Vivado\2021.1\lib\win64.o\libisl_iostreams.dll
0x00007fffe82b0000 - 0x00007fffe8315000 	C:\Xilinx\Vivado\2021.1\lib\win64.o\liblmx6.0.dll
0x00007fffec970000 - 0x00007fffec98a000 	C:\Xilinx\Vivado\2021.1\lib\win64.o\pthreadVC2.dll
0x00007fffefb80000 - 0x00007fffefbaa000 	C:\Xilinx\Vivado\2021.1\lib\win64.o\libisl_sysinfo.dll
0x00007fffe8840000 - 0x00007fffe89dc000 	C:\Xilinx\Vivado\2021.1\lib\win64.o\librdi_commonxillic.dll
0x00007fffec950000 - 0x00007fffec96c000 	C:\Xilinx\Vivado\2021.1\lib\win64.o\librdiconfig.dll
0x00007ff84cb30000 - 0x00007ff84cb85000 	C:\windows\System32\SHLWAPI.dll
0x00007fffebc10000 - 0x00007fffebc31000 	C:\Xilinx\Vivado\2021.1\lib\win64.o\librdizlib.dll
0x000000006e4b0000 - 0x000000006e5db000 	C:\Xilinx\Vivado\2021.1\lib\win64.o\tcl85t.dll
0x0000000012000000 - 0x0000000012270000 	C:\Xilinx\Vivado\2021.1\lib\win64.o\xerces-c_3_1.dll
0x00007ff8274e0000 - 0x00007ff8274e9000 	C:\Xilinx\Vivado\2021.1\lib\win64.o\librdi_commonversion.dll
0x00007ff839aa0000 - 0x00007ff839aba000 	C:\windows\SYSTEM32\NETAPI32.dll
0x00007ff834620000 - 0x00007ff83472a000 	C:\windows\SYSTEM32\WINHTTP.dll
0x00007ff82c970000 - 0x00007ff82ce46000 	C:\windows\SYSTEM32\WININET.dll
0x00007ff83a0a0000 - 0x00007ff83a28c000 	C:\windows\SYSTEM32\urlmon.dll
0x00007ff801640000 - 0x00007ff801649000 	C:\windows\SYSTEM32\WSOCK32.dll
0x00007fffe8ac0000 - 0x00007fffe8af1000 	C:\windows\SYSTEM32\VCOMP140.DLL
0x00007fffe2790000 - 0x00007fffe46a7000 	C:\Xilinx\Vivado\2021.1\lib\win64.o\gurobi90.dll
0x00007ff84bd50000 - 0x00007ff84bea6000 	C:\windows\System32\CRYPT32.dll
0x00007ff84db00000 - 0x00007ff84db56000 	C:\windows\System32\WLDAP32.dll
0x00007fffec930000 - 0x00007fffec948000 	C:\Xilinx\Vivado\2021.1\lib\win64.o\libboost_iostreams.dll
0x00007ff84cd80000 - 0x00007ff84cd88000 	C:\windows\System32\Normaliz.dll
0x00007fffe8280000 - 0x00007fffe82a4000 	C:\Xilinx\Vivado\2021.1\lib\win64.o\libisl_iosutils.dll
0x00007ff838d70000 - 0x00007ff839021000 	C:\windows\SYSTEM32\iertutil.dll
0x00007ff839030000 - 0x00007ff839058000 	C:\windows\SYSTEM32\srvcli.dll
0x00007ff84ac90000 - 0x00007ff84ac9c000 	C:\windows\SYSTEM32\netutils.dll
0x00007ff84dc10000 - 0x00007ff84df64000 	C:\windows\System32\combase.dll
0x00007ff84d140000 - 0x00007ff84d1ed000 	C:\windows\System32\shcore.dll
0x00007fffe2470000 - 0x00007fffe2786000 	C:\Xilinx\Vivado\2021.1\lib\win64.o\libXil_lmgr11.dll
0x00007ff84df70000 - 0x00007ff84e04b000 	C:\windows\System32\COMDLG32.dll
0x00007ff84ae90000 - 0x00007ff84aefa000 	C:\windows\SYSTEM32\MSWSOCK.DLL
0x00007ff84d8f0000 - 0x00007ff84d9bd000 	C:\windows\System32\OLEAUT32.dll
0x00007ff84ce00000 - 0x00007ff84cf2a000 	C:\windows\System32\ole32.dll
0x00007ff84bc00000 - 0x00007ff84bc68000 	C:\windows\System32\WINTRUST.dll
0x00007ff830520000 - 0x00007ff8305d0000 	C:\windows\WinSxS\amd64_microsoft.windows.common-controls_6595b64144ccf1df_5.82.19041.1110_none_792d1c772443f647\COMCTL32.dll
0x00007ff842140000 - 0x00007ff84215d000 	C:\windows\SYSTEM32\dhcpcsvc.DLL
0x00007ff84b6a0000 - 0x00007ff84b6ce000 	C:\windows\SYSTEM32\USERENV.dll
0x00007ff84cbf0000 - 0x00007ff84cc20000 	C:\windows\System32\IMM32.DLL
0x00007ff84b320000 - 0x00007ff84b332000 	C:\windows\SYSTEM32\MSASN1.dll
0x00007ff8496a0000 - 0x00007ff8496b2000 	C:\windows\SYSTEM32\kernel.appcore.dll
0x00007fffe1f30000 - 0x00007fffe2463000 	C:\Xilinx\Vivado\2021.1\lib\win64.o\librdi_commontasks.dll
0x00007ff842c60000 - 0x00007ff842c6a000 	C:\windows\SYSTEM32\VERSION.dll
0x00007fffe1020000 - 0x00007fffe1340000 	C:\Xilinx\Vivado\2021.1\lib\win64.o\librdi_sio.dll
0x00007fffe1340000 - 0x00007fffe1e63000 	C:\Xilinx\Vivado\2021.1\tps\win64\jre11.0.2\bin\server\jvm.dll
0x00007ff84daf0000 - 0x00007ff84daf8000 	C:\windows\System32\PSAPI.DLL
0x00007ff84ab80000 - 0x00007ff84abbb000 	C:\windows\SYSTEM32\IPHLPAPI.DLL
0x00007ff842010000 - 0x00007ff842037000 	C:\windows\SYSTEM32\WINMM.dll
0x00007ff8498a0000 - 0x00007ff84a034000 	C:\windows\SYSTEM32\windows.storage.dll
0x00007ff84b190000 - 0x00007ff84b1bc000 	C:\windows\SYSTEM32\Wldp.dll
0x00007fffde490000 - 0x00007fffe1020000 	C:\Xilinx\Vivado\2021.1\lib\win64.o\librdi_tcltasks.dll
0x00007fffddec0000 - 0x00007fffde390000 	C:\Xilinx\Vivado\2021.1\lib\win64.o\librdi_bitstream.dll
0x00007fffddd00000 - 0x00007fffddeb8000 	C:\Xilinx\Vivado\2021.1\lib\win64.o\librdi_board.dll
0x00007fffde390000 - 0x00007fffde487000 	C:\Xilinx\Vivado\2021.1\lib\win64.o\librdi_chipscope.dll
0x00007fffe8200000 - 0x00007fffe827e000 	C:\Xilinx\Vivado\2021.1\lib\win64.o\librdi_boarddep.dll
0x00007fffdd8b0000 - 0x00007fffddaa6000 	C:\Xilinx\Vivado\2021.1\lib\win64.o\librdi_chipscopeimpl.dll
0x00007fffd9390000 - 0x00007fffdb234000 	C:\Xilinx\Vivado\2021.1\lib\win64.o\librdi_constraints.dll
0x00007fffdb3a0000 - 0x00007fffdd8a9000 	C:\Xilinx\Vivado\2021.1\lib\win64.o\librdi_coregen.dll
0x00007fffdb240000 - 0x00007fffdb39f000 	C:\Xilinx\Vivado\2021.1\lib\win64.o\librdi_containers.dll
0x00007fffd6e50000 - 0x00007fffd7570000 	C:\Xilinx\Vivado\2021.1\lib\win64.o\librdi_coregenipxact.dll
0x00007fffd7570000 - 0x00007fffd938c000 	C:\Xilinx\Vivado\2021.1\lib\win64.o\librdi_designutils.dll
0x00007fffbad20000 - 0x00007fffbb081000 	C:\Xilinx\Vivado\2021.1\lib\win64.o\librdi_dlyest.dll
0x00007fffbb090000 - 0x00007fffd6e50000 	C:\Xilinx\Vivado\2021.1\lib\win64.o\librdi_device.dll
0x00007fffba5d0000 - 0x00007fffbac55000 	C:\Xilinx\Vivado\2021.1\lib\win64.o\librdi_drc.dll
0x00007fffb9bb0000 - 0x00007fffb9ed7000 	C:\Xilinx\Vivado\2021.1\lib\win64.o\librdi_guitools.dll
0x00007fffbac60000 - 0x00007fffbad15000 	C:\Xilinx\Vivado\2021.1\lib\win64.o\librdi_dsp.dll
0x00007fffb9ee0000 - 0x00007fffba55b000 	C:\Xilinx\Vivado\2021.1\lib\win64.o\librdi_filemgmt.dll
0x00007fffb9a60000 - 0x00007fffb9ba7000 	C:\Xilinx\Vivado\2021.1\lib\win64.o\librdi_hip_perf_analysis.dll
0x00007fffba560000 - 0x00007fffba5c9000 	C:\Xilinx\Vivado\2021.1\lib\win64.o\librdi_hdf.dll
0x00007fffb97d0000 - 0x00007fffb9a57000 	C:\Xilinx\Vivado\2021.1\lib\win64.o\librdi_hip_devdesign.dll
0x00007fffb8140000 - 0x00007fffb97ca000 	C:\Xilinx\Vivado\2021.1\lib\win64.o\librdi_implflow.dll
0x00007fffb79e0000 - 0x00007fffb802e000 	C:\Xilinx\Vivado\2021.1\lib\win64.o\librdi_memdata.dll
0x00007fffe1eb0000 - 0x00007fffe1f23000 	C:\Xilinx\Vivado\2021.1\lib\win64.o\librdi_memoryarray.dll
0x00007fffb4da0000 - 0x00007fffb729b000 	C:\Xilinx\Vivado\2021.1\lib\win64.o\librdi_mig.dll
0x00007fffb8030000 - 0x00007fffb813b000 	C:\Xilinx\Vivado\2021.1\lib\win64.o\librdi_ipconfig_readwrite.dll
0x00007fffddc30000 - 0x00007fffddc86000 	C:\Xilinx\Vivado\2021.1\lib\win64.o\librdi_pfi.dll
0x00007fffddc90000 - 0x00007fffddd00000 	C:\Xilinx\Vivado\2021.1\lib\win64.o\librdi_noc_frameworks.dll
0x00007fffb72a0000 - 0x00007fffb79d8000 	C:\Xilinx\Vivado\2021.1\lib\win64.o\librdi_netlist.dll
0x00007fffb1b30000 - 0x00007fffb4d95000 	C:\Xilinx\Vivado\2021.1\lib\win64.o\librdi_place.dll
0x00007fffb0800000 - 0x00007fffb109c000 	C:\Xilinx\Vivado\2021.1\lib\win64.o\librdi_power.dll
0x00007fffb1460000 - 0x00007fffb1b30000 	C:\Xilinx\Vivado\2021.1\lib\win64.o\librdi_project.dll
0x00007fffb10a0000 - 0x00007fffb1451000 	C:\Xilinx\Vivado\2021.1\lib\win64.o\librdi_platform.dll
0x00007fffaf2f0000 - 0x00007fffafa19000 	C:\Xilinx\Vivado\2021.1\lib\win64.o\librdi_psta.dll
0x00007fffddb10000 - 0x00007fffddc25000 	C:\Xilinx\Vivado\2021.1\lib\win64.o\librdi_runsbase.dll
0x00007fffafa20000 - 0x00007fffb02b5000 	C:\Xilinx\Vivado\2021.1\lib\win64.o\librdi_rsb.dll
0x00007fffb02c0000 - 0x00007fffb07f1000 	C:\Xilinx\Vivado\2021.1\lib\win64.o\librdi_runs.dll
0x00007fffaeea0000 - 0x00007fffaf118000 	C:\Xilinx\Vivado\2021.1\lib\win64.o\librdi_simdata.dll
0x00007fffaf120000 - 0x00007fffaf1c7000 	C:\Xilinx\Vivado\2021.1\lib\win64.o\librdi_xhubtasks.dll
0x00007fffad0d0000 - 0x00007fffadbf6000 	C:\Xilinx\Vivado\2021.1\lib\win64.o\librdi_cdoutil.dll
0x00007fffaddf0000 - 0x00007fffaee9c000 	C:\Xilinx\Vivado\2021.1\lib\win64.o\librdi_timing.dll
0x00007fffaf1d0000 - 0x00007fffaf2e4000 	C:\Xilinx\Vivado\2021.1\lib\win64.o\librdi_xhub.dll
0x00007fffadc00000 - 0x00007fffadde5000 	C:\Xilinx\Vivado\2021.1\lib\win64.o\librdi_advchipscopeimpl.dll
0x00007fffabbc0000 - 0x00007fffabc04000 	C:\Xilinx\Vivado\2021.1\lib\win64.o\libboost_serialization.dll
0x00007fffacf90000 - 0x00007fffad0cf000 	C:\Xilinx\Vivado\2021.1\lib\win64.o\librdi_bda.dll
0x00007fffddac0000 - 0x00007fffddb0a000 	C:\Xilinx\Vivado\2021.1\lib\win64.o\libboost_graph.dll
0x00007fffac770000 - 0x00007fffacf8a000 	C:\Xilinx\Vivado\2021.1\lib\win64.o\librdi_ippcw.dll
0x00007fffabc10000 - 0x00007fffac766000 	C:\Xilinx\Vivado\2021.1\lib\win64.o\libverific.dll
0x00007fffab880000 - 0x00007fffabbb3000 	C:\Xilinx\Vivado\2021.1\lib\win64.o\librdi_hip_config.dll

dbghelp: loaded successfully - version: 4.0.5 - missing functions: none
symbol engine: initialized successfully - sym options: 0x614 - pdb path: .;C:\Xilinx\Vivado\2021.1\bin\unwrapped\win64.o;C:\windows\SYSTEM32;C:\Xilinx\Vivado\2021.1\lib\win64.o;C:\windows\WinSxS\amd64_microsoft.windows.common-controls_6595b64144ccf1df_5.82.19041.1110_none_792d1c772443f647;C:\Xilinx\Vivado\2021.1\tps\win64\jre11.0.2\bin\server;C:\Xilinx\Vivado\2021.1\tps\win64\python-3.8.3;C:\Xilinx\Vivado\2021.1\tps\win64\jre11.0.2\bin;C:\windows\WinSxS\amd64_microsoft.windows.common-controls_6595b64144ccf1df_6.0.19041.1110_none_60b5254171f9507e;C:\windows\WinSxS\amd64_microsoft.windows.gdiplus_6595b64144ccf1df_1.1.19041.1706_none_919e8e54cc8d4ca1

VM Arguments:
jvm_args: -Dsun.java2d.pmoffscreen=false -Dhttps.protocols=TLSv1,TLSv1.1,TLSv1.2 -Dsun.java2d.xrender=false -Dsun.java2d.d3d=false -Dsun.awt.nopixfmt=true -Dsun.java2d.dpiaware=true -Dsun.java2d.uiScale.enabled=false -Xverify:none -Dswing.aatext=true -XX:-UsePerfData -Djdk.map.althashing.threshold=512 -XX:StringTableSize=4072 --add-opens=java.base/java.nio=ALL-UNNAMED --add-opens=java.desktop/sun.swing=ALL-UNNAMED --add-opens=java.desktop/javax.swing=ALL-UNNAMED --add-opens=java.desktop/javax.swing.tree=ALL-UNNAMED --add-opens=java.desktop/javax.swing.plaf.basic=ALL-UNNAMED --add-opens=java.desktop/javax.swing.plaf.synth=ALL-UNNAMED --add-opens=java.desktop/com.sun.awt=ALL-UNNAMED -XX:NewSize=60m -XX:MaxNewSize=60m -Xms256m -Xmx3072m -Xss5m 
java_command: <unknown>
java_class_path (initial): C:/Xilinx/Vivado/2021.1\lib\classes\alloy.jar;C:/Xilinx/Vivado/2021.1\lib\classes\autoesl-models.jar;C:/Xilinx/Vivado/2021.1\lib\classes\autopilot.scelaborator.jar;C:/Xilinx/Vivado/2021.1\lib\classes\autopilot.sourceprocessor.jar;C:/Xilinx/Vivado/2021.1\lib\classes\autopilot.tbprocessor.jar;C:/Xilinx/Vivado/2021.1\lib\classes\batik-anim.jar;C:/Xilinx/Vivado/2021.1\lib\classes\batik-awt-util.jar;C:/Xilinx/Vivado/2021.1\lib\classes\batik-bridge.jar;C:/Xilinx/Vivado/2021.1\lib\classes\batik-codec.jar;C:/Xilinx/Vivado/2021.1\lib\classes\batik-css.jar;C:/Xilinx/Vivado/2021.1\lib\classes\batik-dom.jar;C:/Xilinx/Vivado/2021.1\lib\classes\batik-ext.jar;C:/Xilinx/Vivado/2021.1\lib\classes\batik-gui-util.jar;C:/Xilinx/Vivado/2021.1\lib\classes\batik-gvt.jar;C:/Xilinx/Vivado/2021.1\lib\classes\batik-parser.jar;C:/Xilinx/Vivado/2021.1\lib\classes\batik-script.jar;C:/Xilinx/Vivado/2021.1\lib\classes\batik-svg-dom.jar;C:/Xilinx/Vivado/2021.1\lib\classes\batik-svggen.jar;C:/Xilinx/Vivado/2021.1\lib\classes\batik-swing.jar;C:/Xilinx/Vivado/2021.1\lib\classes\batik-transcoder.jar;C:/Xilinx/Vivado/2021.1\lib\classes\batik-util.jar;C:/Xilinx/Vivado/2021.1\lib\classes\batik-xml.jar;C:/Xilinx/Vivado/2021.1\lib\classes\com.google.gson_2.8.2.v20180104-1110.jar;C:/Xilinx/Vivado/2021.1\lib\classes\com.google.guava_27.1.0.v20190517-1946.jar;C:/Xilinx/Vivado/2021.1\lib\classes\com.ibm.icu_4.4.2.v20110208.jar;C:/Xilinx/Vivado/2021.1\lib\classes\com.sigasi.hdt.connection_4.11.0.202105170810.jar;C:/Xilinx/Vivado/2021.1\lib\classes\com.sigasi.hdt.epl_4.11.0.202105170810.jar;C:/Xilinx/Vivado/2021.1\lib\classes\com.sigasi.hdt.project_4.11.0.202105170810.jar;C:/Xilinx/Vivado/2021.1\lib\classes\com.sigasi.hdt.readonlyfilesystem_4.11.0.202105170810.jar;C:/Xilinx/Vivado/2021.1\lib\classes\com.sigasi.hdt.shared_4.11.0.202105170810.jar;C:/Xilinx/Vivado/2021.1\lib\classes\com.sigasi.lcm_4.11.0.202105170810.jar;C:/Xilinx/Vivado/2021.1\lib\classes\com.sigasi.sdk.client_4.11.0.20
Launcher Type: generic

[Global flags]
     bool BytecodeVerificationLocal                = false                                     {product} {command line}
     bool BytecodeVerificationRemote               = false                                     {product} {command line}
     intx CICompilerCount                          = 4                                         {product} {ergonomic}
     uint ConcGCThreads                            = 3                                         {product} {ergonomic}
     uint G1ConcRefinementThreads                  = 10                                        {product} {ergonomic}
   size_t G1HeapRegionSize                         = 1048576                                   {product} {ergonomic}
    uintx GCDrainStackTargetSize                   = 64                                        {product} {ergonomic}
   size_t InitialHeapSize                          = 268435456                                 {product} {command line}
   size_t MarkStackSize                            = 4194304                                   {product} {ergonomic}
   size_t MaxHeapSize                              = 3221225472                                {product} {command line}
   size_t MaxNewSize                               = 62914560                                  {product} {command line}
   size_t MinHeapDeltaBytes                        = 1048576                                   {product} {ergonomic}
   size_t NewSize                                  = 62914560                                  {product} {command line}
    uintx NonNMethodCodeHeapSize                   = 5835340                                {pd product} {ergonomic}
    uintx NonProfiledCodeHeapSize                  = 122911450                              {pd product} {ergonomic}
    uintx ProfiledCodeHeapSize                     = 122911450                              {pd product} {ergonomic}
    uintx ReservedCodeCacheSize                    = 251658240                              {pd product} {ergonomic}
     bool SegmentedCodeCache                       = true                                      {product} {ergonomic}
    uintx StringTableSize                          = 4072                                      {product} {command line}
     intx ThreadStackSize                          = 5120                                   {pd product} {command line}
     bool UseCompressedClassPointers               = true                                 {lp64_product} {ergonomic}
     bool UseCompressedOops                        = true                                 {lp64_product} {ergonomic}
     bool UseG1GC                                  = true                                      {product} {ergonomic}
     bool UseLargePagesIndividualAllocation        = false                                  {pd product} {ergonomic}
     bool UsePerfData                              = false                                     {product} {command line}

Logging:
Log output configuration:
 #0: stdout all=warning uptime,level,tags
 #1: stderr all=off uptime,level,tags

Environment Variables:
PATH=C:/Xilinx/Vivado/2021.1/bin;C:/Xilinx/Vivado/2021.1/tps/win64/javafx-sdk-11.0.2/lib;C:/Xilinx/Vivado/2021.1/tps/win64/javafx-sdk-11.0.2/bin;C:/Xilinx/Vivado/2021.1/lib/win64.o;C:/Xilinx/Vivado/2021.1/tps/win64/jre11.0.2/bin/server;C:/Xilinx/Vivado/2021.1/tps/win64/jre11.0.2/bin;C:/Xilinx/Vivado/2021.1/ids_lite/ISE/bin/nt64;C:/Xilinx/Vivado/2021.1/ids_lite/ISE/lib/nt64;C:/Xilinx/Vitis_HLS/2021.1/bin;C:\windows\system32;C:\windows;C:\windows\System32\Wbem;C:\windows\System32\WindowsPowerShell\v1.0\;C:\windows\System32\OpenSSH\;C:\Program Files (x86)\NVIDIA Corporation\PhysX\Common;C:\Program Files\NVIDIA Corporation\NVIDIA NvDLISR;C:\Users\EV\AppData\Local\Microsoft\WindowsApps;;C:/Xilinx/Vivado/2021.1\tps\mingw\6.2.0\win64.o\nt\bin;C:/Xilinx/Vivado/2021.1\tps\mingw\6.2.0\win64.o\nt\libexec\gcc\x86_64-w64-mingw32\6.2.0;C:/Xilinx/Vivado/2021.1\tps\win64\python-3.8.3;C:/Xilinx/Vivado/2021.1\tps\win64\python-3.8.3\bin;C:/Xilinx/Vivado/2021.1\tps\win64\python-3.8.3\lib;C:/Xilinx/Vivado/2021.1\tps\win64\python-3.8.3\lib\site-packages
USERNAME=EV
OS=Windows_NT
PROCESSOR_IDENTIFIER=AMD64 Family 23 Model 96 Stepping 1, AuthenticAMD



---------------  S Y S T E M  ---------------

OS: Windows 10 , 64 bit Build 19041 (10.0.19041.1706)

CPU:total 12 (initial active 12) (12 cores per cpu, 2 threads per core) family 23 model 96 stepping 1, cmov, cx8, fxsr, mmx, sse, sse2, sse3, ssse3, sse4.1, sse4.2, popcnt, avx, avx2, aes, clmul, mmxext, 3dnowpref, lzcnt, sse4a, ht, tsc, tscinvbit, tscinv, bmi1, bmi2, adx, sha, fma

Memory: 4k page, system-wide physical 15731M (8335M free)
TotalPageFile size 18163M (AvailPageFile size 8002M)
current process WorkingSet (physical memory assigned to process): 1198M, peak: 1201M
current process commit charge ("private bytes"): 1230M, peak: 1486M

vm_info: OpenJDK 64-Bit Server VM (11.0.2+9) for windows-amd64 JRE (11.0.2+9), built on Jan 18 2019 05:23:22 by "mach5one" with MS VC++ 15.5 (VS2017)

END.
